2025-04-04 14:43:37,199 - INFO - Dosya kopyalandý: C:/Users/Fýrat Gültekin/Desktop/pdf_test/a_1.pdf -> xxxx_1.pdf
2025-04-04 14:43:37,201 - INFO - Dosya kopyalandý: C:/Users/Fýrat Gültekin/Desktop/pdf_test/a_2.pdf -> xxxx_2.pdf
2025-04-04 14:43:37,202 - INFO - Dosya kopyalandý: C:/Users/Fýrat Gültekin/Desktop/pdf_test/a_3.pdf -> xxxx_3.pdf
2025-04-04 14:43:37,203 - INFO - Dosya kopyalandý: C:/Users/Fýrat Gültekin/Desktop/pdf_test/a_4.pdf -> xxxx_4.pdf
2025-04-04 14:43:37,204 - INFO - Dosya kopyalandý: C:/Users/Fýrat Gültekin/Desktop/pdf_test/a_5.pdf -> xxxx_5.pdf
2025-04-04 14:43:37,205 - INFO - Dosya kopyalandý: C:/Users/Fýrat Gültekin/Desktop/pdf_test/a_6.pdf -> xxxx_6.pdf
2025-04-04 14:43:37,206 - INFO - Dosya kopyalandý: C:/Users/Fýrat Gültekin/Desktop/pdf_test/a_7.pdf -> xxxx_7.pdf
2025-04-04 14:43:37,217 - INFO - Dosya kopyalandý: C:/Users/Fýrat Gültekin/Desktop/pdf_test/a_8.pdf -> xxxx_8.pdf
2025-04-04 14:43:37,218 - INFO - Dosya kopyalandý: C:/Users/Fýrat Gültekin/Desktop/pdf_test/a_9.pdf -> xxxx_9.pdf
2025-04-04 14:43:37,219 - INFO - Dosya kopyalandý: C:/Users/Fýrat Gültekin/Desktop/pdf_test/a_10.pdf -> xxxx_10.pdf
2025-04-04 14:43:37,220 - INFO - Dosya kopyalandý: C:/Users/Fýrat Gültekin/Desktop/pdf_test/a_11.pdf -> xxxx_11.pdf
2025-04-04 14:43:37,221 - INFO - Dosya kopyalandý: C:/Users/Fýrat Gültekin/Desktop/pdf_test/a_12.pdf -> xxxx_12.pdf
2025-04-04 14:43:37,222 - INFO - Dosya kopyalandý: C:/Users/Fýrat Gültekin/Desktop/pdf_test/a_13.pdf -> xxxx_13.pdf
2025-04-04 14:43:37,223 - INFO - Dosya kopyalandý: C:/Users/Fýrat Gültekin/Desktop/pdf_test/a_14.pdf -> xxxx_14.pdf
2025-04-04 14:43:37,224 - INFO - Dosya kopyalandý: C:/Users/Fýrat Gültekin/Desktop/pdf_test/a_15.pdf -> xxxx_15.pdf
2025-04-04 14:43:37,225 - INFO - Dosya kopyalandý: C:/Users/Fýrat Gültekin/Desktop/pdf_test/a_16.pdf -> xxxx_16.pdf
2025-04-04 14:43:37,226 - INFO - Dosya kopyalandý: C:/Users/Fýrat Gültekin/Desktop/pdf_test/a_17.pdf -> xxxx_17.pdf
2025-04-04 14:43:37,227 - INFO - Dosya kopyalandý: C:/Users/Fýrat Gültekin/Desktop/pdf_test/a_18.pdf -> xxxx_18.pdf
2025-04-04 14:43:37,228 - INFO - Dosya kopyalandý: C:/Users/Fýrat Gültekin/Desktop/pdf_test/a_19.pdf -> xxxx_19.pdf
2025-04-04 14:43:37,229 - INFO - Dosya kopyalandý: C:/Users/Fýrat Gültekin/Desktop/pdf_test/a_20.pdf -> xxxx_20.pdf
2025-04-04 14:43:37,230 - INFO - Dosya kopyalandý: C:/Users/Fýrat Gültekin/Desktop/pdf_test/a_21.pdf -> xxxx_21.pdf
2025-04-04 14:43:37,231 - INFO - Dosya kopyalandý: C:/Users/Fýrat Gültekin/Desktop/pdf_test/a_22.pdf -> xxxx_22.pdf
2025-04-04 14:43:37,232 - INFO - Dosya kopyalandý: C:/Users/Fýrat Gültekin/Desktop/pdf_test/a_23.pdf -> xxxx_23.pdf
2025-04-04 14:43:37,234 - INFO - Dosya kopyalandý: C:/Users/Fýrat Gültekin/Desktop/pdf_test/a_24.pdf -> xxxx_24.pdf
2025-04-04 14:43:37,235 - INFO - Dosya kopyalandý: C:/Users/Fýrat Gültekin/Desktop/pdf_test/a_25.pdf -> xxxx_25.pdf
2025-04-04 14:43:37,236 - INFO - Dosya kopyalandý: C:/Users/Fýrat Gültekin/Desktop/pdf_test/a_26.pdf -> xxxx_26.pdf
2025-04-04 14:43:37,236 - INFO - Dosya kopyalandý: C:/Users/Fýrat Gültekin/Desktop/pdf_test/a_27.pdf -> xxxx_27.pdf
2025-04-04 14:43:37,238 - INFO - Dosya kopyalandý: C:/Users/Fýrat Gültekin/Desktop/pdf_test/a_28.pdf -> xxxx_28.pdf
2025-04-04 14:43:37,239 - INFO - Dosya kopyalandý: C:/Users/Fýrat Gültekin/Desktop/pdf_test/a_29.pdf -> xxxx_29.pdf
2025-04-04 14:43:37,240 - INFO - Dosya kopyalandý: C:/Users/Fýrat Gültekin/Desktop/pdf_test/a_30.pdf -> xxxx_30.pdf
2025-04-04 14:43:37,241 - INFO - Dosya kopyalandý: C:/Users/Fýrat Gültekin/Desktop/pdf_test/a_31.pdf -> xxxx_31.pdf
2025-04-04 14:48:56,799 - INFO - Dosya kopyalandý: C:/Users/Fýrat Gültekin/Desktop/pdf_test/a_31.pdf -> bb_1.pdf
2025-04-04 14:48:56,817 - INFO - Dosya kopyalandý: C:/Users/Fýrat Gültekin/Desktop/pdf_test/a_1.pdf -> bb_2.pdf
2025-04-04 14:48:56,821 - INFO - Dosya kopyalandý: C:/Users/Fýrat Gültekin/Desktop/pdf_test/a_2.pdf -> bb_3.pdf
2025-04-04 14:48:56,823 - INFO - Dosya kopyalandý: C:/Users/Fýrat Gültekin/Desktop/pdf_test/a_3.pdf -> bb_4.pdf
2025-04-04 14:48:56,825 - INFO - Dosya kopyalandý: C:/Users/Fýrat Gültekin/Desktop/pdf_test/a_4.pdf -> bb_5.pdf
2025-04-04 14:48:56,826 - INFO - Dosya kopyalandý: C:/Users/Fýrat Gültekin/Desktop/pdf_test/a_5.pdf -> bb_6.pdf
2025-04-04 14:48:56,828 - INFO - Dosya kopyalandý: C:/Users/Fýrat Gültekin/Desktop/pdf_test/a_6.pdf -> bb_7.pdf
2025-04-04 14:48:56,830 - INFO - Dosya kopyalandý: C:/Users/Fýrat Gültekin/Desktop/pdf_test/a_7.pdf -> bb_8.pdf
2025-04-04 14:48:56,831 - INFO - Dosya kopyalandý: C:/Users/Fýrat Gültekin/Desktop/pdf_test/a_8.pdf -> bb_9.pdf
2025-04-04 14:48:56,833 - INFO - Dosya kopyalandý: C:/Users/Fýrat Gültekin/Desktop/pdf_test/a_9.pdf -> bb_10.pdf
2025-04-04 14:48:56,835 - INFO - Dosya kopyalandý: C:/Users/Fýrat Gültekin/Desktop/pdf_test/a_10.pdf -> bb_11.pdf
2025-04-04 14:48:56,836 - INFO - Dosya kopyalandý: C:/Users/Fýrat Gültekin/Desktop/pdf_test/a_11.pdf -> bb_12.pdf
2025-04-04 14:48:56,838 - INFO - Dosya kopyalandý: C:/Users/Fýrat Gültekin/Desktop/pdf_test/a_12.pdf -> bb_13.pdf
2025-04-04 14:48:56,840 - INFO - Dosya kopyalandý: C:/Users/Fýrat Gültekin/Desktop/pdf_test/a_13.pdf -> bb_14.pdf
2025-04-04 14:48:56,841 - INFO - Dosya kopyalandý: C:/Users/Fýrat Gültekin/Desktop/pdf_test/a_14.pdf -> bb_15.pdf
2025-04-04 14:48:56,843 - INFO - Dosya kopyalandý: C:/Users/Fýrat Gültekin/Desktop/pdf_test/a_15.pdf -> bb_16.pdf
2025-04-04 14:48:56,845 - INFO - Dosya kopyalandý: C:/Users/Fýrat Gültekin/Desktop/pdf_test/a_16.pdf -> bb_17.pdf
2025-04-04 14:48:56,847 - INFO - Dosya kopyalandý: C:/Users/Fýrat Gültekin/Desktop/pdf_test/a_17.pdf -> bb_18.pdf
2025-04-04 14:48:56,849 - INFO - Dosya kopyalandý: C:/Users/Fýrat Gültekin/Desktop/pdf_test/a_18.pdf -> bb_19.pdf
2025-04-04 14:48:56,851 - INFO - Dosya kopyalandý: C:/Users/Fýrat Gültekin/Desktop/pdf_test/a_19.pdf -> bb_20.pdf
2025-04-04 14:48:56,853 - INFO - Dosya kopyalandý: C:/Users/Fýrat Gültekin/Desktop/pdf_test/a_20.pdf -> bb_21.pdf
2025-04-04 14:48:56,855 - INFO - Dosya kopyalandý: C:/Users/Fýrat Gültekin/Desktop/pdf_test/a_21.pdf -> bb_22.pdf
2025-04-04 14:48:56,857 - INFO - Dosya kopyalandý: C:/Users/Fýrat Gültekin/Desktop/pdf_test/a_22.pdf -> bb_23.pdf
2025-04-04 14:48:56,859 - INFO - Dosya kopyalandý: C:/Users/Fýrat Gültekin/Desktop/pdf_test/a_23.pdf -> bb_24.pdf
2025-04-04 14:48:56,861 - INFO - Dosya kopyalandý: C:/Users/Fýrat Gültekin/Desktop/pdf_test/a_24.pdf -> bb_25.pdf
2025-04-04 14:48:56,863 - INFO - Dosya kopyalandý: C:/Users/Fýrat Gültekin/Desktop/pdf_test/a_25.pdf -> bb_26.pdf
2025-04-04 14:48:56,864 - INFO - Dosya kopyalandý: C:/Users/Fýrat Gültekin/Desktop/pdf_test/a_26.pdf -> bb_27.pdf
2025-04-04 14:48:56,866 - INFO - Dosya kopyalandý: C:/Users/Fýrat Gültekin/Desktop/pdf_test/a_27.pdf -> bb_28.pdf
2025-04-04 14:48:56,868 - INFO - Dosya kopyalandý: C:/Users/Fýrat Gültekin/Desktop/pdf_test/a_28.pdf -> bb_29.pdf
2025-04-04 14:48:56,869 - INFO - Dosya kopyalandý: C:/Users/Fýrat Gültekin/Desktop/pdf_test/a_29.pdf -> bb_30.pdf
2025-04-04 14:48:56,871 - INFO - Dosya kopyalandý: C:/Users/Fýrat Gültekin/Desktop/pdf_test/a_30.pdf -> bb_31.pdf
2025-04-04 14:55:00,937 - INFO - Dosya kopyalandý: C:/Users/Fýrat Gültekin/Desktop/pdf_test/a_31.pdf -> x_1.pdf
2025-04-04 14:55:00,958 - INFO - Dosya kopyalandý: C:/Users/Fýrat Gültekin/Desktop/pdf_test/a_1.pdf -> x_2.pdf
2025-04-04 14:55:00,962 - INFO - Dosya kopyalandý: C:/Users/Fýrat Gültekin/Desktop/pdf_test/a_2.pdf -> x_3.pdf
2025-04-04 14:55:00,964 - INFO - Dosya kopyalandý: C:/Users/Fýrat Gültekin/Desktop/pdf_test/a_3.pdf -> x_4.pdf
2025-04-04 14:55:00,966 - INFO - Dosya kopyalandý: C:/Users/Fýrat Gültekin/Desktop/pdf_test/a_4.pdf -> x_5.pdf
2025-04-04 14:55:00,978 - INFO - Dosya kopyalandý: C:/Users/Fýrat Gültekin/Desktop/pdf_test/a_5.pdf -> x_6.pdf
2025-04-04 14:55:00,980 - INFO - Dosya kopyalandý: C:/Users/Fýrat Gültekin/Desktop/pdf_test/a_6.pdf -> x_7.pdf
2025-04-04 14:55:00,982 - INFO - Dosya kopyalandý: C:/Users/Fýrat Gültekin/Desktop/pdf_test/a_7.pdf -> x_8.pdf
2025-04-04 14:55:00,983 - INFO - Dosya kopyalandý: C:/Users/Fýrat Gültekin/Desktop/pdf_test/a_8.pdf -> x_9.pdf
2025-04-04 14:55:00,985 - INFO - Dosya kopyalandý: C:/Users/Fýrat Gültekin/Desktop/pdf_test/a_9.pdf -> x_10.pdf
2025-04-04 14:55:00,987 - INFO - Dosya kopyalandý: C:/Users/Fýrat Gültekin/Desktop/pdf_test/a_10.pdf -> x_11.pdf
2025-04-04 14:55:00,989 - INFO - Dosya kopyalandý: C:/Users/Fýrat Gültekin/Desktop/pdf_test/a_11.pdf -> x_12.pdf
2025-04-04 14:55:00,990 - INFO - Dosya kopyalandý: C:/Users/Fýrat Gültekin/Desktop/pdf_test/a_12.pdf -> x_13.pdf
2025-04-04 14:55:00,992 - INFO - Dosya kopyalandý: C:/Users/Fýrat Gültekin/Desktop/pdf_test/a_13.pdf -> x_14.pdf
2025-04-04 14:55:00,994 - INFO - Dosya kopyalandý: C:/Users/Fýrat Gültekin/Desktop/pdf_test/a_14.pdf -> x_15.pdf
2025-04-04 14:55:00,995 - INFO - Dosya kopyalandý: C:/Users/Fýrat Gültekin/Desktop/pdf_test/a_15.pdf -> x_16.pdf
2025-04-04 14:55:00,997 - INFO - Dosya kopyalandý: C:/Users/Fýrat Gültekin/Desktop/pdf_test/a_16.pdf -> x_17.pdf
2025-04-04 14:55:00,999 - INFO - Dosya kopyalandý: C:/Users/Fýrat Gültekin/Desktop/pdf_test/a_17.pdf -> x_18.pdf
2025-04-04 14:55:01,000 - INFO - Dosya kopyalandý: C:/Users/Fýrat Gültekin/Desktop/pdf_test/a_18.pdf -> x_19.pdf
2025-04-04 14:55:01,002 - INFO - Dosya kopyalandý: C:/Users/Fýrat Gültekin/Desktop/pdf_test/a_19.pdf -> x_20.pdf
2025-04-04 14:55:01,004 - INFO - Dosya kopyalandý: C:/Users/Fýrat Gültekin/Desktop/pdf_test/a_20.pdf -> x_21.pdf
2025-04-04 14:55:01,006 - INFO - Dosya kopyalandý: C:/Users/Fýrat Gültekin/Desktop/pdf_test/a_21.pdf -> x_22.pdf
2025-04-04 14:55:01,008 - INFO - Dosya kopyalandý: C:/Users/Fýrat Gültekin/Desktop/pdf_test/a_22.pdf -> x_23.pdf
2025-04-04 14:55:01,010 - INFO - Dosya kopyalandý: C:/Users/Fýrat Gültekin/Desktop/pdf_test/a_23.pdf -> x_24.pdf
2025-04-04 14:55:01,012 - INFO - Dosya kopyalandý: C:/Users/Fýrat Gültekin/Desktop/pdf_test/a_24.pdf -> x_25.pdf
2025-04-04 14:55:01,013 - INFO - Dosya kopyalandý: C:/Users/Fýrat Gültekin/Desktop/pdf_test/a_25.pdf -> x_26.pdf
2025-04-04 14:55:01,014 - INFO - Dosya kopyalandý: C:/Users/Fýrat Gültekin/Desktop/pdf_test/a_26.pdf -> x_27.pdf
2025-04-04 14:55:01,015 - INFO - Dosya kopyalandý: C:/Users/Fýrat Gültekin/Desktop/pdf_test/a_27.pdf -> x_28.pdf
2025-04-04 14:55:01,018 - INFO - Dosya kopyalandý: C:/Users/Fýrat Gültekin/Desktop/pdf_test/a_28.pdf -> x_29.pdf
2025-04-04 14:55:01,019 - INFO - Dosya kopyalandý: C:/Users/Fýrat Gültekin/Desktop/pdf_test/a_29.pdf -> x_30.pdf
2025-04-04 14:55:01,020 - INFO - Dosya kopyalandý: C:/Users/Fýrat Gültekin/Desktop/pdf_test/a_30.pdf -> x_31.pdf
2025-04-04 14:58:07,463 - INFO - Dosya kopyalandý: C:/Users/Fýrat Gültekin/Desktop/pdf_test/a_1.pdf -> xx_1.pdf
2025-04-04 14:58:07,467 - INFO - Dosya kopyalandý: C:/Users/Fýrat Gültekin/Desktop/pdf_test/a_2.pdf -> xx_2.pdf
2025-04-04 14:58:07,468 - INFO - Dosya kopyalandý: C:/Users/Fýrat Gültekin/Desktop/pdf_test/a_3.pdf -> xx_3.pdf
2025-04-04 14:58:07,470 - INFO - Dosya kopyalandý: C:/Users/Fýrat Gültekin/Desktop/pdf_test/a_4.pdf -> xx_4.pdf
2025-04-04 14:58:07,472 - INFO - Dosya kopyalandý: C:/Users/Fýrat Gültekin/Desktop/pdf_test/a_5.pdf -> xx_5.pdf
2025-04-04 14:58:07,484 - INFO - Dosya kopyalandý: C:/Users/Fýrat Gültekin/Desktop/pdf_test/a_6.pdf -> xx_6.pdf
2025-04-04 14:58:07,487 - INFO - Dosya kopyalandý: C:/Users/Fýrat Gültekin/Desktop/pdf_test/a_7.pdf -> xx_7.pdf
2025-04-04 14:58:07,488 - INFO - Dosya kopyalandý: C:/Users/Fýrat Gültekin/Desktop/pdf_test/a_8.pdf -> xx_8.pdf
2025-04-04 14:58:07,490 - INFO - Dosya kopyalandý: C:/Users/Fýrat Gültekin/Desktop/pdf_test/a_9.pdf -> xx_9.pdf
2025-04-04 14:58:07,491 - INFO - Dosya kopyalandý: C:/Users/Fýrat Gültekin/Desktop/pdf_test/a_10.pdf -> xx_10.pdf
2025-04-04 14:58:07,493 - INFO - Dosya kopyalandý: C:/Users/Fýrat Gültekin/Desktop/pdf_test/a_11.pdf -> xx_11.pdf
2025-04-04 14:58:07,496 - INFO - Dosya kopyalandý: C:/Users/Fýrat Gültekin/Desktop/pdf_test/a_12.pdf -> xx_12.pdf
2025-04-04 14:58:07,498 - INFO - Dosya kopyalandý: C:/Users/Fýrat Gültekin/Desktop/pdf_test/a_13.pdf -> xx_13.pdf
2025-04-04 14:58:07,499 - INFO - Dosya kopyalandý: C:/Users/Fýrat Gültekin/Desktop/pdf_test/a_14.pdf -> xx_14.pdf
2025-04-04 14:58:07,501 - INFO - Dosya kopyalandý: C:/Users/Fýrat Gültekin/Desktop/pdf_test/a_15.pdf -> xx_15.pdf
2025-04-04 14:58:07,504 - INFO - Dosya kopyalandý: C:/Users/Fýrat Gültekin/Desktop/pdf_test/a_16.pdf -> xx_16.pdf
2025-04-04 14:58:07,506 - INFO - Dosya kopyalandý: C:/Users/Fýrat Gültekin/Desktop/pdf_test/a_17.pdf -> xx_17.pdf
2025-04-04 14:58:07,507 - INFO - Dosya kopyalandý: C:/Users/Fýrat Gültekin/Desktop/pdf_test/a_18.pdf -> xx_18.pdf
2025-04-04 14:58:07,510 - INFO - Dosya kopyalandý: C:/Users/Fýrat Gültekin/Desktop/pdf_test/a_19.pdf -> xx_19.pdf
2025-04-04 14:58:07,512 - INFO - Dosya kopyalandý: C:/Users/Fýrat Gültekin/Desktop/pdf_test/a_20.pdf -> xx_20.pdf
2025-04-04 14:58:07,514 - INFO - Dosya kopyalandý: C:/Users/Fýrat Gültekin/Desktop/pdf_test/a_21.pdf -> xx_21.pdf
2025-04-04 14:58:07,516 - INFO - Dosya kopyalandý: C:/Users/Fýrat Gültekin/Desktop/pdf_test/a_22.pdf -> xx_22.pdf
2025-04-04 14:58:07,518 - INFO - Dosya kopyalandý: C:/Users/Fýrat Gültekin/Desktop/pdf_test/a_23.pdf -> xx_23.pdf
2025-04-04 14:58:07,521 - INFO - Dosya kopyalandý: C:/Users/Fýrat Gültekin/Desktop/pdf_test/a_24.pdf -> xx_24.pdf
2025-04-04 14:58:07,522 - INFO - Dosya kopyalandý: C:/Users/Fýrat Gültekin/Desktop/pdf_test/a_25.pdf -> xx_25.pdf
2025-04-04 14:58:07,524 - INFO - Dosya kopyalandý: C:/Users/Fýrat Gültekin/Desktop/pdf_test/a_26.pdf -> xx_26.pdf
2025-04-04 14:58:07,526 - INFO - Dosya kopyalandý: C:/Users/Fýrat Gültekin/Desktop/pdf_test/a_27.pdf -> xx_27.pdf
2025-04-04 14:58:07,529 - INFO - Dosya kopyalandý: C:/Users/Fýrat Gültekin/Desktop/pdf_test/a_28.pdf -> xx_28.pdf
2025-04-04 14:58:07,531 - INFO - Dosya kopyalandý: C:/Users/Fýrat Gültekin/Desktop/pdf_test/a_29.pdf -> xx_29.pdf
2025-04-04 14:58:07,532 - INFO - Dosya kopyalandý: C:/Users/Fýrat Gültekin/Desktop/pdf_test/a_30.pdf -> xx_30.pdf
2025-04-04 14:58:07,535 - INFO - Dosya kopyalandý: C:/Users/Fýrat Gültekin/Desktop/pdf_test/a_31.pdf -> xx_31.pdf
2025-04-04 14:59:43,594 - INFO - Dosya iþlendi: C:/Users/Fýrat Gültekin/Desktop/pdf_test/a_31.pdf
2025-04-04 14:59:43,594 - INFO - Orijinal kopya: C:/Users/Fýrat Gültekin/Desktop/pdf_test\Orijinal_Dosyalar\a_31.pdf
2025-04-04 14:59:43,594 - INFO - Yeni kopya: xxx_1.pdf
2025-04-04 14:59:43,612 - INFO - Dosya iþlendi: C:/Users/Fýrat Gültekin/Desktop/pdf_test/a_1.pdf
2025-04-04 14:59:43,612 - INFO - Orijinal kopya: C:/Users/Fýrat Gültekin/Desktop/pdf_test\Orijinal_Dosyalar\a_1.pdf
2025-04-04 14:59:43,612 - INFO - Yeni kopya: xxx_2.pdf
2025-04-04 14:59:43,615 - INFO - Dosya iþlendi: C:/Users/Fýrat Gültekin/Desktop/pdf_test/a_2.pdf
2025-04-04 14:59:43,615 - INFO - Orijinal kopya: C:/Users/Fýrat Gültekin/Desktop/pdf_test\Orijinal_Dosyalar\a_2.pdf
2025-04-04 14:59:43,615 - INFO - Yeni kopya: xxx_3.pdf
2025-04-04 14:59:43,617 - INFO - Dosya iþlendi: C:/Users/Fýrat Gültekin/Desktop/pdf_test/a_3.pdf
2025-04-04 14:59:43,617 - INFO - Orijinal kopya: C:/Users/Fýrat Gültekin/Desktop/pdf_test\Orijinal_Dosyalar\a_3.pdf
2025-04-04 14:59:43,617 - INFO - Yeni kopya: xxx_4.pdf
2025-04-04 14:59:43,619 - INFO - Dosya iþlendi: C:/Users/Fýrat Gültekin/Desktop/pdf_test/a_4.pdf
2025-04-04 14:59:43,619 - INFO - Orijinal kopya: C:/Users/Fýrat Gültekin/Desktop/pdf_test\Orijinal_Dosyalar\a_4.pdf
2025-04-04 14:59:43,619 - INFO - Yeni kopya: xxx_5.pdf
2025-04-04 14:59:43,630 - INFO - Dosya iþlendi: C:/Users/Fýrat Gültekin/Desktop/pdf_test/a_5.pdf
2025-04-04 14:59:43,630 - INFO - Orijinal kopya: C:/Users/Fýrat Gültekin/Desktop/pdf_test\Orijinal_Dosyalar\a_5.pdf
2025-04-04 14:59:43,630 - INFO - Yeni kopya: xxx_6.pdf
2025-04-04 14:59:43,633 - INFO - Dosya iþlendi: C:/Users/Fýrat Gültekin/Desktop/pdf_test/a_6.pdf
2025-04-04 14:59:43,633 - INFO - Orijinal kopya: C:/Users/Fýrat Gültekin/Desktop/pdf_test\Orijinal_Dosyalar\a_6.pdf
2025-04-04 14:59:43,633 - INFO - Yeni kopya: xxx_7.pdf
2025-04-04 14:59:43,634 - INFO - Dosya iþlendi: C:/Users/Fýrat Gültekin/Desktop/pdf_test/a_7.pdf
2025-04-04 14:59:43,634 - INFO - Orijinal kopya: C:/Users/Fýrat Gültekin/Desktop/pdf_test\Orijinal_Dosyalar\a_7.pdf
2025-04-04 14:59:43,634 - INFO - Yeni kopya: xxx_8.pdf
2025-04-04 14:59:43,636 - INFO - Dosya iþlendi: C:/Users/Fýrat Gültekin/Desktop/pdf_test/a_8.pdf
2025-04-04 14:59:43,636 - INFO - Orijinal kopya: C:/Users/Fýrat Gültekin/Desktop/pdf_test\Orijinal_Dosyalar\a_8.pdf
2025-04-04 14:59:43,636 - INFO - Yeni kopya: xxx_9.pdf
2025-04-04 14:59:43,637 - INFO - Dosya iþlendi: C:/Users/Fýrat Gültekin/Desktop/pdf_test/a_9.pdf
2025-04-04 14:59:43,637 - INFO - Orijinal kopya: C:/Users/Fýrat Gültekin/Desktop/pdf_test\Orijinal_Dosyalar\a_9.pdf
2025-04-04 14:59:43,637 - INFO - Yeni kopya: xxx_10.pdf
2025-04-04 14:59:43,638 - INFO - Dosya iþlendi: C:/Users/Fýrat Gültekin/Desktop/pdf_test/a_10.pdf
2025-04-04 14:59:43,639 - INFO - Orijinal kopya: C:/Users/Fýrat Gültekin/Desktop/pdf_test\Orijinal_Dosyalar\a_10.pdf
2025-04-04 14:59:43,639 - INFO - Yeni kopya: xxx_11.pdf
2025-04-04 14:59:43,641 - INFO - Dosya iþlendi: C:/Users/Fýrat Gültekin/Desktop/pdf_test/a_11.pdf
2025-04-04 14:59:43,641 - INFO - Orijinal kopya: C:/Users/Fýrat Gültekin/Desktop/pdf_test\Orijinal_Dosyalar\a_11.pdf
2025-04-04 14:59:43,641 - INFO - Yeni kopya: xxx_12.pdf
2025-04-04 14:59:43,642 - INFO - Dosya iþlendi: C:/Users/Fýrat Gültekin/Desktop/pdf_test/a_12.pdf
2025-04-04 14:59:43,642 - INFO - Orijinal kopya: C:/Users/Fýrat Gültekin/Desktop/pdf_test\Orijinal_Dosyalar\a_12.pdf
2025-04-04 14:59:43,642 - INFO - Yeni kopya: xxx_13.pdf
2025-04-04 14:59:43,644 - INFO - Dosya iþlendi: C:/Users/Fýrat Gültekin/Desktop/pdf_test/a_13.pdf
2025-04-04 14:59:43,644 - INFO - Orijinal kopya: C:/Users/Fýrat Gültekin/Desktop/pdf_test\Orijinal_Dosyalar\a_13.pdf
2025-04-04 14:59:43,644 - INFO - Yeni kopya: xxx_14.pdf
2025-04-04 14:59:43,646 - INFO - Dosya iþlendi: C:/Users/Fýrat Gültekin/Desktop/pdf_test/a_14.pdf
2025-04-04 14:59:43,646 - INFO - Orijinal kopya: C:/Users/Fýrat Gültekin/Desktop/pdf_test\Orijinal_Dosyalar\a_14.pdf
2025-04-04 14:59:43,646 - INFO - Yeni kopya: xxx_15.pdf
2025-04-04 14:59:43,647 - INFO - Dosya iþlendi: C:/Users/Fýrat Gültekin/Desktop/pdf_test/a_15.pdf
2025-04-04 14:59:43,647 - INFO - Orijinal kopya: C:/Users/Fýrat Gültekin/Desktop/pdf_test\Orijinal_Dosyalar\a_15.pdf
2025-04-04 14:59:43,647 - INFO - Yeni kopya: xxx_16.pdf
2025-04-04 14:59:43,649 - INFO - Dosya iþlendi: C:/Users/Fýrat Gültekin/Desktop/pdf_test/a_16.pdf
2025-04-04 14:59:43,649 - INFO - Orijinal kopya: C:/Users/Fýrat Gültekin/Desktop/pdf_test\Orijinal_Dosyalar\a_16.pdf
2025-04-04 14:59:43,649 - INFO - Yeni kopya: xxx_17.pdf
2025-04-04 14:59:43,651 - INFO - Dosya iþlendi: C:/Users/Fýrat Gültekin/Desktop/pdf_test/a_17.pdf
2025-04-04 14:59:43,651 - INFO - Orijinal kopya: C:/Users/Fýrat Gültekin/Desktop/pdf_test\Orijinal_Dosyalar\a_17.pdf
2025-04-04 14:59:43,651 - INFO - Yeni kopya: xxx_18.pdf
2025-04-04 14:59:43,653 - INFO - Dosya iþlendi: C:/Users/Fýrat Gültekin/Desktop/pdf_test/a_18.pdf
2025-04-04 14:59:43,653 - INFO - Orijinal kopya: C:/Users/Fýrat Gültekin/Desktop/pdf_test\Orijinal_Dosyalar\a_18.pdf
2025-04-04 14:59:43,653 - INFO - Yeni kopya: xxx_19.pdf
2025-04-04 14:59:43,655 - INFO - Dosya iþlendi: C:/Users/Fýrat Gültekin/Desktop/pdf_test/a_19.pdf
2025-04-04 14:59:43,655 - INFO - Orijinal kopya: C:/Users/Fýrat Gültekin/Desktop/pdf_test\Orijinal_Dosyalar\a_19.pdf
2025-04-04 14:59:43,655 - INFO - Yeni kopya: xxx_20.pdf
2025-04-04 14:59:43,657 - INFO - Dosya iþlendi: C:/Users/Fýrat Gültekin/Desktop/pdf_test/a_20.pdf
2025-04-04 14:59:43,657 - INFO - Orijinal kopya: C:/Users/Fýrat Gültekin/Desktop/pdf_test\Orijinal_Dosyalar\a_20.pdf
2025-04-04 14:59:43,657 - INFO - Yeni kopya: xxx_21.pdf
2025-04-04 14:59:43,659 - INFO - Dosya iþlendi: C:/Users/Fýrat Gültekin/Desktop/pdf_test/a_21.pdf
2025-04-04 14:59:43,659 - INFO - Orijinal kopya: C:/Users/Fýrat Gültekin/Desktop/pdf_test\Orijinal_Dosyalar\a_21.pdf
2025-04-04 14:59:43,659 - INFO - Yeni kopya: xxx_22.pdf
2025-04-04 14:59:43,661 - INFO - Dosya iþlendi: C:/Users/Fýrat Gültekin/Desktop/pdf_test/a_22.pdf
2025-04-04 14:59:43,661 - INFO - Orijinal kopya: C:/Users/Fýrat Gültekin/Desktop/pdf_test\Orijinal_Dosyalar\a_22.pdf
2025-04-04 14:59:43,661 - INFO - Yeni kopya: xxx_23.pdf
2025-04-04 14:59:43,663 - INFO - Dosya iþlendi: C:/Users/Fýrat Gültekin/Desktop/pdf_test/a_23.pdf
2025-04-04 14:59:43,663 - INFO - Orijinal kopya: C:/Users/Fýrat Gültekin/Desktop/pdf_test\Orijinal_Dosyalar\a_23.pdf
2025-04-04 14:59:43,663 - INFO - Yeni kopya: xxx_24.pdf
2025-04-04 14:59:43,665 - INFO - Dosya iþlendi: C:/Users/Fýrat Gültekin/Desktop/pdf_test/a_24.pdf
2025-04-04 14:59:43,665 - INFO - Orijinal kopya: C:/Users/Fýrat Gültekin/Desktop/pdf_test\Orijinal_Dosyalar\a_24.pdf
2025-04-04 14:59:43,665 - INFO - Yeni kopya: xxx_25.pdf
2025-04-04 14:59:43,666 - INFO - Dosya iþlendi: C:/Users/Fýrat Gültekin/Desktop/pdf_test/a_25.pdf
2025-04-04 14:59:43,666 - INFO - Orijinal kopya: C:/Users/Fýrat Gültekin/Desktop/pdf_test\Orijinal_Dosyalar\a_25.pdf
2025-04-04 14:59:43,666 - INFO - Yeni kopya: xxx_26.pdf
2025-04-04 14:59:43,667 - INFO - Dosya iþlendi: C:/Users/Fýrat Gültekin/Desktop/pdf_test/a_26.pdf
2025-04-04 14:59:43,668 - INFO - Orijinal kopya: C:/Users/Fýrat Gültekin/Desktop/pdf_test\Orijinal_Dosyalar\a_26.pdf
2025-04-04 14:59:43,668 - INFO - Yeni kopya: xxx_27.pdf
2025-04-04 14:59:43,669 - INFO - Dosya iþlendi: C:/Users/Fýrat Gültekin/Desktop/pdf_test/a_27.pdf
2025-04-04 14:59:43,669 - INFO - Orijinal kopya: C:/Users/Fýrat Gültekin/Desktop/pdf_test\Orijinal_Dosyalar\a_27.pdf
2025-04-04 14:59:43,669 - INFO - Yeni kopya: xxx_28.pdf
2025-04-04 14:59:43,672 - INFO - Dosya iþlendi: C:/Users/Fýrat Gültekin/Desktop/pdf_test/a_28.pdf
2025-04-04 14:59:43,672 - INFO - Orijinal kopya: C:/Users/Fýrat Gültekin/Desktop/pdf_test\Orijinal_Dosyalar\a_28.pdf
2025-04-04 14:59:43,672 - INFO - Yeni kopya: xxx_29.pdf
2025-04-04 14:59:43,673 - INFO - Dosya iþlendi: C:/Users/Fýrat Gültekin/Desktop/pdf_test/a_29.pdf
2025-04-04 14:59:43,673 - INFO - Orijinal kopya: C:/Users/Fýrat Gültekin/Desktop/pdf_test\Orijinal_Dosyalar\a_29.pdf
2025-04-04 14:59:43,673 - INFO - Yeni kopya: xxx_30.pdf
2025-04-04 14:59:43,675 - INFO - Dosya iþlendi: C:/Users/Fýrat Gültekin/Desktop/pdf_test/a_30.pdf
2025-04-04 14:59:43,675 - INFO - Orijinal kopya: C:/Users/Fýrat Gültekin/Desktop/pdf_test\Orijinal_Dosyalar\a_30.pdf
2025-04-04 14:59:43,675 - INFO - Yeni kopya: xxx_31.pdf
2025-04-04 15:08:02,506 - INFO - Dosya taþýndý: C:/Users/Fýrat Gültekin/Desktop/pdf_test/a_31.pdf -> C:/Users/Fýrat Gültekin/Desktop/pdf_test\a_31.pdf
2025-04-04 15:08:02,506 - INFO - Dosya taþýndý: C:/Users/Fýrat Gültekin/Desktop/pdf_test/a_1.pdf -> C:/Users/Fýrat Gültekin/Desktop/pdf_test\a_1.pdf
2025-04-04 15:08:02,506 - INFO - Dosya taþýndý: C:/Users/Fýrat Gültekin/Desktop/pdf_test/a_2.pdf -> C:/Users/Fýrat Gültekin/Desktop/pdf_test\a_2.pdf
2025-04-04 15:08:02,506 - INFO - Dosya taþýndý: C:/Users/Fýrat Gültekin/Desktop/pdf_test/a_3.pdf -> C:/Users/Fýrat Gültekin/Desktop/pdf_test\a_3.pdf
2025-04-04 15:08:02,506 - INFO - Dosya taþýndý: C:/Users/Fýrat Gültekin/Desktop/pdf_test/a_4.pdf -> C:/Users/Fýrat Gültekin/Desktop/pdf_test\a_4.pdf
2025-04-04 15:08:02,506 - INFO - Dosya taþýndý: C:/Users/Fýrat Gültekin/Desktop/pdf_test/a_5.pdf -> C:/Users/Fýrat Gültekin/Desktop/pdf_test\a_5.pdf
2025-04-04 15:08:02,506 - INFO - Dosya taþýndý: C:/Users/Fýrat Gültekin/Desktop/pdf_test/a_6.pdf -> C:/Users/Fýrat Gültekin/Desktop/pdf_test\a_6.pdf
2025-04-04 15:08:02,506 - INFO - Dosya taþýndý: C:/Users/Fýrat Gültekin/Desktop/pdf_test/a_7.pdf -> C:/Users/Fýrat Gültekin/Desktop/pdf_test\a_7.pdf
2025-04-04 15:08:02,506 - INFO - Dosya taþýndý: C:/Users/Fýrat Gültekin/Desktop/pdf_test/a_8.pdf -> C:/Users/Fýrat Gültekin/Desktop/pdf_test\a_8.pdf
2025-04-04 15:08:02,506 - INFO - Dosya taþýndý: C:/Users/Fýrat Gültekin/Desktop/pdf_test/a_9.pdf -> C:/Users/Fýrat Gültekin/Desktop/pdf_test\a_9.pdf
2025-04-04 15:08:02,506 - INFO - Dosya taþýndý: C:/Users/Fýrat Gültekin/Desktop/pdf_test/a_10.pdf -> C:/Users/Fýrat Gültekin/Desktop/pdf_test\a_10.pdf
2025-04-04 15:08:02,507 - INFO - Dosya taþýndý: C:/Users/Fýrat Gültekin/Desktop/pdf_test/a_11.pdf -> C:/Users/Fýrat Gültekin/Desktop/pdf_test\a_11.pdf
2025-04-04 15:08:02,507 - INFO - Dosya taþýndý: C:/Users/Fýrat Gültekin/Desktop/pdf_test/a_12.pdf -> C:/Users/Fýrat Gültekin/Desktop/pdf_test\a_12.pdf
2025-04-04 15:08:02,507 - INFO - Dosya taþýndý: C:/Users/Fýrat Gültekin/Desktop/pdf_test/a_13.pdf -> C:/Users/Fýrat Gültekin/Desktop/pdf_test\a_13.pdf
2025-04-04 15:08:02,507 - INFO - Dosya taþýndý: C:/Users/Fýrat Gültekin/Desktop/pdf_test/a_14.pdf -> C:/Users/Fýrat Gültekin/Desktop/pdf_test\a_14.pdf
2025-04-04 15:08:02,507 - INFO - Dosya taþýndý: C:/Users/Fýrat Gültekin/Desktop/pdf_test/a_15.pdf -> C:/Users/Fýrat Gültekin/Desktop/pdf_test\a_15.pdf
2025-04-04 15:08:02,507 - INFO - Dosya taþýndý: C:/Users/Fýrat Gültekin/Desktop/pdf_test/a_16.pdf -> C:/Users/Fýrat Gültekin/Desktop/pdf_test\a_16.pdf
2025-04-04 15:08:02,507 - INFO - Dosya taþýndý: C:/Users/Fýrat Gültekin/Desktop/pdf_test/a_17.pdf -> C:/Users/Fýrat Gültekin/Desktop/pdf_test\a_17.pdf
2025-04-04 15:08:02,507 - INFO - Dosya taþýndý: C:/Users/Fýrat Gültekin/Desktop/pdf_test/a_18.pdf -> C:/Users/Fýrat Gültekin/Desktop/pdf_test\a_18.pdf
2025-04-04 15:08:02,507 - INFO - Dosya taþýndý: C:/Users/Fýrat Gültekin/Desktop/pdf_test/a_19.pdf -> C:/Users/Fýrat Gültekin/Desktop/pdf_test\a_19.pdf
2025-04-04 15:08:02,507 - INFO - Dosya taþýndý: C:/Users/Fýrat Gültekin/Desktop/pdf_test/a_20.pdf -> C:/Users/Fýrat Gültekin/Desktop/pdf_test\a_20.pdf
2025-04-04 15:08:02,507 - INFO - Dosya taþýndý: C:/Users/Fýrat Gültekin/Desktop/pdf_test/a_21.pdf -> C:/Users/Fýrat Gültekin/Desktop/pdf_test\a_21.pdf
2025-04-04 15:08:02,507 - INFO - Dosya taþýndý: C:/Users/Fýrat Gültekin/Desktop/pdf_test/a_22.pdf -> C:/Users/Fýrat Gültekin/Desktop/pdf_test\a_22.pdf
2025-04-04 15:08:02,507 - INFO - Dosya taþýndý: C:/Users/Fýrat Gültekin/Desktop/pdf_test/a_23.pdf -> C:/Users/Fýrat Gültekin/Desktop/pdf_test\a_23.pdf
2025-04-04 15:08:02,507 - INFO - Dosya taþýndý: C:/Users/Fýrat Gültekin/Desktop/pdf_test/a_24.pdf -> C:/Users/Fýrat Gültekin/Desktop/pdf_test\a_24.pdf
2025-04-04 15:08:02,508 - INFO - Dosya taþýndý: C:/Users/Fýrat Gültekin/Desktop/pdf_test/a_25.pdf -> C:/Users/Fýrat Gültekin/Desktop/pdf_test\a_25.pdf
2025-04-04 15:08:02,508 - INFO - Dosya taþýndý: C:/Users/Fýrat Gültekin/Desktop/pdf_test/a_26.pdf -> C:/Users/Fýrat Gültekin/Desktop/pdf_test\a_26.pdf
2025-04-04 15:08:02,508 - INFO - Dosya taþýndý: C:/Users/Fýrat Gültekin/Desktop/pdf_test/a_27.pdf -> C:/Users/Fýrat Gültekin/Desktop/pdf_test\a_27.pdf
2025-04-04 15:08:02,508 - INFO - Dosya taþýndý: C:/Users/Fýrat Gültekin/Desktop/pdf_test/a_28.pdf -> C:/Users/Fýrat Gültekin/Desktop/pdf_test\a_28.pdf
2025-04-04 15:08:02,508 - INFO - Dosya taþýndý: C:/Users/Fýrat Gültekin/Desktop/pdf_test/a_29.pdf -> C:/Users/Fýrat Gültekin/Desktop/pdf_test\a_29.pdf
2025-04-04 15:08:02,508 - INFO - Dosya taþýndý: C:/Users/Fýrat Gültekin/Desktop/pdf_test/a_30.pdf -> C:/Users/Fýrat Gültekin/Desktop/pdf_test\a_30.pdf
2025-04-04 15:08:02,519 - INFO - Dosya iþlendi: a_1.pdf
2025-04-04 15:08:02,519 - INFO - Orijinal kopya: C:/Users/Fýrat Gültekin/Desktop/pdf_test\Orijinal_Dosyalar\a_1.pdf
2025-04-04 15:08:02,519 - INFO - Yeni isim: xx_1.pdf
2025-04-04 15:08:02,521 - INFO - Dosya iþlendi: a_10.pdf
2025-04-04 15:08:02,521 - INFO - Orijinal kopya: C:/Users/Fýrat Gültekin/Desktop/pdf_test\Orijinal_Dosyalar\a_10.pdf
2025-04-04 15:08:02,521 - INFO - Yeni isim: xx_2.pdf
2025-04-04 15:08:02,522 - INFO - Dosya iþlendi: a_11.pdf
2025-04-04 15:08:02,522 - INFO - Orijinal kopya: C:/Users/Fýrat Gültekin/Desktop/pdf_test\Orijinal_Dosyalar\a_11.pdf
2025-04-04 15:08:02,522 - INFO - Yeni isim: xx_3.pdf
2025-04-04 15:08:02,523 - INFO - Dosya iþlendi: a_12.pdf
2025-04-04 15:08:02,523 - INFO - Orijinal kopya: C:/Users/Fýrat Gültekin/Desktop/pdf_test\Orijinal_Dosyalar\a_12.pdf
2025-04-04 15:08:02,523 - INFO - Yeni isim: xx_4.pdf
2025-04-04 15:08:02,524 - INFO - Dosya iþlendi: a_13.pdf
2025-04-04 15:08:02,524 - INFO - Orijinal kopya: C:/Users/Fýrat Gültekin/Desktop/pdf_test\Orijinal_Dosyalar\a_13.pdf
2025-04-04 15:08:02,524 - INFO - Yeni isim: xx_5.pdf
2025-04-04 15:08:02,536 - INFO - Dosya iþlendi: a_14.pdf
2025-04-04 15:08:02,536 - INFO - Orijinal kopya: C:/Users/Fýrat Gültekin/Desktop/pdf_test\Orijinal_Dosyalar\a_14.pdf
2025-04-04 15:08:02,536 - INFO - Yeni isim: xx_6.pdf
2025-04-04 15:08:02,537 - INFO - Dosya iþlendi: a_15.pdf
2025-04-04 15:08:02,537 - INFO - Orijinal kopya: C:/Users/Fýrat Gültekin/Desktop/pdf_test\Orijinal_Dosyalar\a_15.pdf
2025-04-04 15:08:02,537 - INFO - Yeni isim: xx_7.pdf
2025-04-04 15:08:02,538 - INFO - Dosya iþlendi: a_16.pdf
2025-04-04 15:08:02,538 - INFO - Orijinal kopya: C:/Users/Fýrat Gültekin/Desktop/pdf_test\Orijinal_Dosyalar\a_16.pdf
2025-04-04 15:08:02,538 - INFO - Yeni isim: xx_8.pdf
2025-04-04 15:08:02,539 - INFO - Dosya iþlendi: a_17.pdf
2025-04-04 15:08:02,539 - INFO - Orijinal kopya: C:/Users/Fýrat Gültekin/Desktop/pdf_test\Orijinal_Dosyalar\a_17.pdf
2025-04-04 15:08:02,539 - INFO - Yeni isim: xx_9.pdf
2025-04-04 15:08:02,541 - INFO - Dosya iþlendi: a_18.pdf
2025-04-04 15:08:02,541 - INFO - Orijinal kopya: C:/Users/Fýrat Gültekin/Desktop/pdf_test\Orijinal_Dosyalar\a_18.pdf
2025-04-04 15:08:02,541 - INFO - Yeni isim: xx_10.pdf
2025-04-04 15:08:02,542 - INFO - Dosya iþlendi: a_19.pdf
2025-04-04 15:08:02,542 - INFO - Orijinal kopya: C:/Users/Fýrat Gültekin/Desktop/pdf_test\Orijinal_Dosyalar\a_19.pdf
2025-04-04 15:08:02,542 - INFO - Yeni isim: xx_11.pdf
2025-04-04 15:08:02,544 - INFO - Dosya iþlendi: a_2.pdf
2025-04-04 15:08:02,544 - INFO - Orijinal kopya: C:/Users/Fýrat Gültekin/Desktop/pdf_test\Orijinal_Dosyalar\a_2.pdf
2025-04-04 15:08:02,544 - INFO - Yeni isim: xx_12.pdf
2025-04-04 15:08:02,545 - INFO - Dosya iþlendi: a_20.pdf
2025-04-04 15:08:02,545 - INFO - Orijinal kopya: C:/Users/Fýrat Gültekin/Desktop/pdf_test\Orijinal_Dosyalar\a_20.pdf
2025-04-04 15:08:02,546 - INFO - Yeni isim: xx_13.pdf
2025-04-04 15:08:02,547 - INFO - Dosya iþlendi: a_21.pdf
2025-04-04 15:08:02,547 - INFO - Orijinal kopya: C:/Users/Fýrat Gültekin/Desktop/pdf_test\Orijinal_Dosyalar\a_21.pdf
2025-04-04 15:08:02,547 - INFO - Yeni isim: xx_14.pdf
2025-04-04 15:08:02,548 - INFO - Dosya iþlendi: a_22.pdf
2025-04-04 15:08:02,548 - INFO - Orijinal kopya: C:/Users/Fýrat Gültekin/Desktop/pdf_test\Orijinal_Dosyalar\a_22.pdf
2025-04-04 15:08:02,548 - INFO - Yeni isim: xx_15.pdf
2025-04-04 15:08:02,549 - INFO - Dosya iþlendi: a_23.pdf
2025-04-04 15:08:02,549 - INFO - Orijinal kopya: C:/Users/Fýrat Gültekin/Desktop/pdf_test\Orijinal_Dosyalar\a_23.pdf
2025-04-04 15:08:02,549 - INFO - Yeni isim: xx_16.pdf
2025-04-04 15:08:02,550 - INFO - Dosya iþlendi: a_24.pdf
2025-04-04 15:08:02,551 - INFO - Orijinal kopya: C:/Users/Fýrat Gültekin/Desktop/pdf_test\Orijinal_Dosyalar\a_24.pdf
2025-04-04 15:08:02,551 - INFO - Yeni isim: xx_17.pdf
2025-04-04 15:08:02,552 - INFO - Dosya iþlendi: a_25.pdf
2025-04-04 15:08:02,552 - INFO - Orijinal kopya: C:/Users/Fýrat Gültekin/Desktop/pdf_test\Orijinal_Dosyalar\a_25.pdf
2025-04-04 15:08:02,552 - INFO - Yeni isim: xx_18.pdf
2025-04-04 15:08:02,552 - INFO - Dosya iþlendi: a_26.pdf
2025-04-04 15:08:02,552 - INFO - Orijinal kopya: C:/Users/Fýrat Gültekin/Desktop/pdf_test\Orijinal_Dosyalar\a_26.pdf
2025-04-04 15:08:02,552 - INFO - Yeni isim: xx_19.pdf
2025-04-04 15:08:02,553 - INFO - Dosya iþlendi: a_27.pdf
2025-04-04 15:08:02,553 - INFO - Orijinal kopya: C:/Users/Fýrat Gültekin/Desktop/pdf_test\Orijinal_Dosyalar\a_27.pdf
2025-04-04 15:08:02,553 - INFO - Yeni isim: xx_20.pdf
2025-04-04 15:08:02,555 - INFO - Dosya iþlendi: a_28.pdf
2025-04-04 15:08:02,555 - INFO - Orijinal kopya: C:/Users/Fýrat Gültekin/Desktop/pdf_test\Orijinal_Dosyalar\a_28.pdf
2025-04-04 15:08:02,555 - INFO - Yeni isim: xx_21.pdf
2025-04-04 15:08:02,556 - INFO - Dosya iþlendi: a_29.pdf
2025-04-04 15:08:02,556 - INFO - Orijinal kopya: C:/Users/Fýrat Gültekin/Desktop/pdf_test\Orijinal_Dosyalar\a_29.pdf
2025-04-04 15:08:02,556 - INFO - Yeni isim: xx_22.pdf
2025-04-04 15:08:02,557 - INFO - Dosya iþlendi: a_3.pdf
2025-04-04 15:08:02,557 - INFO - Orijinal kopya: C:/Users/Fýrat Gültekin/Desktop/pdf_test\Orijinal_Dosyalar\a_3.pdf
2025-04-04 15:08:02,557 - INFO - Yeni isim: xx_23.pdf
2025-04-04 15:08:02,559 - INFO - Dosya iþlendi: a_30.pdf
2025-04-04 15:08:02,559 - INFO - Orijinal kopya: C:/Users/Fýrat Gültekin/Desktop/pdf_test\Orijinal_Dosyalar\a_30.pdf
2025-04-04 15:08:02,559 - INFO - Yeni isim: xx_24.pdf
2025-04-04 15:08:02,560 - INFO - Dosya iþlendi: a_31.pdf
2025-04-04 15:08:02,560 - INFO - Orijinal kopya: C:/Users/Fýrat Gültekin/Desktop/pdf_test\Orijinal_Dosyalar\a_31.pdf
2025-04-04 15:08:02,560 - INFO - Yeni isim: xx_25.pdf
2025-04-04 15:08:02,561 - INFO - Dosya iþlendi: a_4.pdf
2025-04-04 15:08:02,561 - INFO - Orijinal kopya: C:/Users/Fýrat Gültekin/Desktop/pdf_test\Orijinal_Dosyalar\a_4.pdf
2025-04-04 15:08:02,561 - INFO - Yeni isim: xx_26.pdf
2025-04-04 15:08:02,562 - INFO - Dosya iþlendi: a_5.pdf
2025-04-04 15:08:02,562 - INFO - Orijinal kopya: C:/Users/Fýrat Gültekin/Desktop/pdf_test\Orijinal_Dosyalar\a_5.pdf
2025-04-04 15:08:02,562 - INFO - Yeni isim: xx_27.pdf
2025-04-04 15:08:02,563 - INFO - Dosya iþlendi: a_6.pdf
2025-04-04 15:08:02,564 - INFO - Orijinal kopya: C:/Users/Fýrat Gültekin/Desktop/pdf_test\Orijinal_Dosyalar\a_6.pdf
2025-04-04 15:08:02,564 - INFO - Yeni isim: xx_28.pdf
2025-04-04 15:08:02,564 - INFO - Dosya iþlendi: a_7.pdf
2025-04-04 15:08:02,564 - INFO - Orijinal kopya: C:/Users/Fýrat Gültekin/Desktop/pdf_test\Orijinal_Dosyalar\a_7.pdf
2025-04-04 15:08:02,565 - INFO - Yeni isim: xx_29.pdf
2025-04-04 15:08:02,565 - INFO - Dosya iþlendi: a_8.pdf
2025-04-04 15:08:02,565 - INFO - Orijinal kopya: C:/Users/Fýrat Gültekin/Desktop/pdf_test\Orijinal_Dosyalar\a_8.pdf
2025-04-04 15:08:02,565 - INFO - Yeni isim: xx_30.pdf
2025-04-04 15:08:02,567 - INFO - Dosya iþlendi: a_9.pdf
2025-04-04 15:08:02,567 - INFO - Orijinal kopya: C:/Users/Fýrat Gültekin/Desktop/pdf_test\Orijinal_Dosyalar\a_9.pdf
2025-04-04 15:08:02,567 - INFO - Yeni isim: xx_31.pdf
2025-04-04 15:08:02,573 - ERROR - Yeniden adlandýrma hatasý: Hiçbir PDF dosyasý oluþturulamadý!
Traceback (most recent call last):
  File "C:\Users\Fýrat Gültekin\Documents\GitHub\ozluk_test\pdf_gui.py", line 935, in rename_pdfs
    raise e
  File "C:\Users\Fýrat Gültekin\Documents\GitHub\ozluk_test\pdf_gui.py", line 921, in rename_pdfs
    raise Exception("Hiçbir PDF dosyasý oluþturulamadý!")
Exception: Hiçbir PDF dosyasý oluþturulamadý!
2025-04-07 08:44:39,119 - INFO - Dosya taþýndý: C:/Users/Fýrat Gültekin/Desktop/oz_pdf/ayfer_kaymakci/Ayfer Kaymakçý [adli sicil kaydý].pdf -> C:/Users/Fýrat Gültekin/Desktop/pdf_test\Ayfer Kaymakçý [adli sicil kaydý].pdf
2025-04-07 08:44:39,120 - INFO - Dosya taþýndý: C:/Users/Fýrat Gültekin/Desktop/oz_pdf/ayfer_kaymakci/Ayfer Kaymakçý [aile durum bildirimi].pdf -> C:/Users/Fýrat Gültekin/Desktop/pdf_test\Ayfer Kaymakçý [aile durum bildirimi].pdf
2025-04-07 08:44:39,120 - INFO - Dosya taþýndý: C:/Users/Fýrat Gültekin/Desktop/oz_pdf/ayfer_kaymakci/Ayfer Kaymakçý [belirsiz süreli iþ sözleþmesi].pdf -> C:/Users/Fýrat Gültekin/Desktop/pdf_test\Ayfer Kaymakçý [belirsiz süreli iþ sözleþmesi].pdf
2025-04-07 08:44:39,120 - INFO - Dosya taþýndý: C:/Users/Fýrat Gültekin/Desktop/oz_pdf/ayfer_kaymakci/Ayfer Kaymakçý [covid eðitim belgesi].pdf -> C:/Users/Fýrat Gültekin/Desktop/pdf_test\Ayfer Kaymakçý [covid eðitim belgesi].pdf
2025-04-07 08:44:39,120 - INFO - Dosya taþýndý: C:/Users/Fýrat Gültekin/Desktop/oz_pdf/ayfer_kaymakci/Ayfer Kaymakçý [covid kontrol listesi].pdf -> C:/Users/Fýrat Gültekin/Desktop/pdf_test\Ayfer Kaymakçý [covid kontrol listesi].pdf
2025-04-07 08:44:39,121 - INFO - Dosya taþýndý: C:/Users/Fýrat Gültekin/Desktop/oz_pdf/ayfer_kaymakci/Ayfer Kaymakçý [diploma].pdf -> C:/Users/Fýrat Gültekin/Desktop/pdf_test\Ayfer Kaymakçý [diploma].pdf
2025-04-07 08:44:39,121 - INFO - Dosya taþýndý: C:/Users/Fýrat Gültekin/Desktop/oz_pdf/ayfer_kaymakci/Ayfer Kaymakçý [eðitim katlým formu].pdf -> C:/Users/Fýrat Gültekin/Desktop/pdf_test\Ayfer Kaymakçý [eðitim katlým formu].pdf
2025-04-07 08:44:39,121 - INFO - Dosya taþýndý: C:/Users/Fýrat Gültekin/Desktop/oz_pdf/ayfer_kaymakci/Ayfer Kaymakçý [ehliyet].pdf -> C:/Users/Fýrat Gültekin/Desktop/pdf_test\Ayfer Kaymakçý [ehliyet].pdf
2025-04-07 08:44:39,121 - INFO - Dosya taþýndý: C:/Users/Fýrat Gültekin/Desktop/oz_pdf/ayfer_kaymakci/Ayfer Kaymakçý [finans yöneticisi görve tanýmý].pdf -> C:/Users/Fýrat Gültekin/Desktop/pdf_test\Ayfer Kaymakçý [finans yöneticisi görve tanýmý].pdf
2025-04-07 08:44:39,121 - INFO - Dosya taþýndý: C:/Users/Fýrat Gültekin/Desktop/oz_pdf/ayfer_kaymakci/Ayfer Kaymakçý [fotoðraf].pdf -> C:/Users/Fýrat Gültekin/Desktop/pdf_test\Ayfer Kaymakçý [fotoðraf].pdf
2025-04-07 08:44:39,121 - INFO - Dosya taþýndý: C:/Users/Fýrat Gültekin/Desktop/oz_pdf/ayfer_kaymakci/Ayfer Kaymakçý [ikametgah].pdf -> C:/Users/Fýrat Gültekin/Desktop/pdf_test\Ayfer Kaymakçý [ikametgah].pdf
2025-04-07 08:44:39,122 - INFO - Dosya taþýndý: C:/Users/Fýrat Gültekin/Desktop/oz_pdf/ayfer_kaymakci/Ayfer Kaymakçý [ISO 9001 temel ve dökümantasyon sertifika].pdf -> C:/Users/Fýrat Gültekin/Desktop/pdf_test\Ayfer Kaymakçý [ISO 9001 temel ve dökümantasyon sertifika].pdf
2025-04-07 08:44:39,122 - INFO - Dosya taþýndý: C:/Users/Fýrat Gültekin/Desktop/oz_pdf/ayfer_kaymakci/Ayfer Kaymakçý [ISO 19011 iç denetçi sertifika].pdf -> C:/Users/Fýrat Gültekin/Desktop/pdf_test\Ayfer Kaymakçý [ISO 19011 iç denetçi sertifika].pdf
2025-04-07 08:44:39,122 - INFO - Dosya taþýndý: C:/Users/Fýrat Gültekin/Desktop/oz_pdf/ayfer_kaymakci/Ayfer Kaymakçý [ISO 27001 temel dökümantasyon sertifika].pdf -> C:/Users/Fýrat Gültekin/Desktop/pdf_test\Ayfer Kaymakçý [ISO 27001 temel dökümantasyon sertifika].pdf
2025-04-07 08:44:39,122 - INFO - Dosya taþýndý: C:/Users/Fýrat Gültekin/Desktop/oz_pdf/ayfer_kaymakci/Ayfer Kaymakçý [ISO 45001 temel dökümantasyon sertifika].pdf -> C:/Users/Fýrat Gültekin/Desktop/pdf_test\Ayfer Kaymakçý [ISO 45001 temel dökümantasyon sertifika].pdf
2025-04-07 08:44:39,122 - INFO - Dosya taþýndý: C:/Users/Fýrat Gültekin/Desktop/oz_pdf/ayfer_kaymakci/Ayfer Kaymakçý [istirahat belgesi].pdf -> C:/Users/Fýrat Gültekin/Desktop/pdf_test\Ayfer Kaymakçý [istirahat belgesi].pdf
2025-04-07 08:44:39,122 - INFO - Dosya taþýndý: C:/Users/Fýrat Gültekin/Desktop/oz_pdf/ayfer_kaymakci/Ayfer Kaymakçý [istirahat raporu].pdf -> C:/Users/Fýrat Gültekin/Desktop/pdf_test\Ayfer Kaymakçý [istirahat raporu].pdf
2025-04-07 08:44:39,123 - INFO - Dosya taþýndý: C:/Users/Fýrat Gültekin/Desktop/oz_pdf/ayfer_kaymakci/Ayfer Kaymakçý [kimlik].pdf -> C:/Users/Fýrat Gültekin/Desktop/pdf_test\Ayfer Kaymakçý [kimlik].pdf
2025-04-07 08:44:39,123 - INFO - Dosya taþýndý: C:/Users/Fýrat Gültekin/Desktop/oz_pdf/ayfer_kaymakci/Ayfer Kaymakçý [mezun belgesi].pdf -> C:/Users/Fýrat Gültekin/Desktop/pdf_test\Ayfer Kaymakçý [mezun belgesi].pdf
2025-04-07 08:44:39,123 - INFO - Dosya taþýndý: C:/Users/Fýrat Gültekin/Desktop/oz_pdf/ayfer_kaymakci/Ayfer Kaymakçý [personel bilgi formu].pdf -> C:/Users/Fýrat Gültekin/Desktop/pdf_test\Ayfer Kaymakçý [personel bilgi formu].pdf
2025-04-07 08:44:39,123 - INFO - Dosya taþýndý: C:/Users/Fýrat Gültekin/Desktop/oz_pdf/ayfer_kaymakci/Ayfer Kaymakçý [risk deðerlendirme sertifika].pdf -> C:/Users/Fýrat Gültekin/Desktop/pdf_test\Ayfer Kaymakçý [risk deðerlendirme sertifika].pdf
2025-04-07 08:44:39,123 - INFO - Dosya taþýndý: C:/Users/Fýrat Gültekin/Desktop/oz_pdf/ayfer_kaymakci/Ayfer Kaymakçý [saðlýk raporu].pdf -> C:/Users/Fýrat Gültekin/Desktop/pdf_test\Ayfer Kaymakçý [saðlýk raporu].pdf
2025-04-07 08:44:39,124 - INFO - Dosya taþýndý: C:/Users/Fýrat Gültekin/Desktop/oz_pdf/ayfer_kaymakci/Ayfer Kaymakçý [transkript].pdf -> C:/Users/Fýrat Gültekin/Desktop/pdf_test\Ayfer Kaymakçý [transkript].pdf
2025-04-07 08:44:39,126 - INFO - Dosya iþlendi: Ayfer Kaymakçý [adli sicil kaydý].pdf
2025-04-07 08:44:39,126 - INFO - Orijinal kopya: C:/Users/Fýrat Gültekin/Desktop/pdf_test\Orijinal_Dosyalar\Ayfer Kaymakçý [adli sicil kaydý].pdf
2025-04-07 08:44:39,126 - INFO - Yeni isim: aa_1.pdf
2025-04-07 08:44:39,128 - INFO - Dosya iþlendi: Ayfer Kaymakçý [aile durum bildirimi].pdf
2025-04-07 08:44:39,128 - INFO - Orijinal kopya: C:/Users/Fýrat Gültekin/Desktop/pdf_test\Orijinal_Dosyalar\Ayfer Kaymakçý [aile durum bildirimi].pdf
2025-04-07 08:44:39,128 - INFO - Yeni isim: aa_2.pdf
2025-04-07 08:44:39,131 - INFO - Dosya iþlendi: Ayfer Kaymakçý [belirsiz süreli iþ sözleþmesi].pdf
2025-04-07 08:44:39,131 - INFO - Orijinal kopya: C:/Users/Fýrat Gültekin/Desktop/pdf_test\Orijinal_Dosyalar\Ayfer Kaymakçý [belirsiz süreli iþ sözleþmesi].pdf
2025-04-07 08:44:39,131 - INFO - Yeni isim: aa_3.pdf
2025-04-07 08:44:39,132 - INFO - Dosya iþlendi: Ayfer Kaymakçý [covid eðitim belgesi].pdf
2025-04-07 08:44:39,132 - INFO - Orijinal kopya: C:/Users/Fýrat Gültekin/Desktop/pdf_test\Orijinal_Dosyalar\Ayfer Kaymakçý [covid eðitim belgesi].pdf
2025-04-07 08:44:39,132 - INFO - Yeni isim: aa_4.pdf
2025-04-07 08:44:39,133 - INFO - Dosya iþlendi: Ayfer Kaymakçý [covid kontrol listesi].pdf
2025-04-07 08:44:39,133 - INFO - Orijinal kopya: C:/Users/Fýrat Gültekin/Desktop/pdf_test\Orijinal_Dosyalar\Ayfer Kaymakçý [covid kontrol listesi].pdf
2025-04-07 08:44:39,133 - INFO - Yeni isim: aa_5.pdf
2025-04-07 08:44:39,134 - INFO - Dosya iþlendi: Ayfer Kaymakçý [diploma].pdf
2025-04-07 08:44:39,134 - INFO - Orijinal kopya: C:/Users/Fýrat Gültekin/Desktop/pdf_test\Orijinal_Dosyalar\Ayfer Kaymakçý [diploma].pdf
2025-04-07 08:44:39,134 - INFO - Yeni isim: aa_6.pdf
2025-04-07 08:44:39,135 - INFO - Dosya iþlendi: Ayfer Kaymakçý [eðitim katlým formu].pdf
2025-04-07 08:44:39,135 - INFO - Orijinal kopya: C:/Users/Fýrat Gültekin/Desktop/pdf_test\Orijinal_Dosyalar\Ayfer Kaymakçý [eðitim katlým formu].pdf
2025-04-07 08:44:39,135 - INFO - Yeni isim: aa_7.pdf
2025-04-07 08:44:39,136 - INFO - Dosya iþlendi: Ayfer Kaymakçý [ehliyet].pdf
2025-04-07 08:44:39,136 - INFO - Orijinal kopya: C:/Users/Fýrat Gültekin/Desktop/pdf_test\Orijinal_Dosyalar\Ayfer Kaymakçý [ehliyet].pdf
2025-04-07 08:44:39,137 - INFO - Yeni isim: aa_8.pdf
2025-04-07 08:44:39,138 - INFO - Dosya iþlendi: Ayfer Kaymakçý [finans yöneticisi görve tanýmý].pdf
2025-04-07 08:44:39,138 - INFO - Orijinal kopya: C:/Users/Fýrat Gültekin/Desktop/pdf_test\Orijinal_Dosyalar\Ayfer Kaymakçý [finans yöneticisi görve tanýmý].pdf
2025-04-07 08:44:39,138 - INFO - Yeni isim: aa_9.pdf
2025-04-07 08:44:39,138 - INFO - Dosya iþlendi: Ayfer Kaymakçý [fotoðraf].pdf
2025-04-07 08:44:39,138 - INFO - Orijinal kopya: C:/Users/Fýrat Gültekin/Desktop/pdf_test\Orijinal_Dosyalar\Ayfer Kaymakçý [fotoðraf].pdf
2025-04-07 08:44:39,139 - INFO - Yeni isim: aa_10.pdf
2025-04-07 08:44:39,139 - INFO - Dosya iþlendi: Ayfer Kaymakçý [ikametgah].pdf
2025-04-07 08:44:39,139 - INFO - Orijinal kopya: C:/Users/Fýrat Gültekin/Desktop/pdf_test\Orijinal_Dosyalar\Ayfer Kaymakçý [ikametgah].pdf
2025-04-07 08:44:39,139 - INFO - Yeni isim: aa_11.pdf
2025-04-07 08:44:39,141 - INFO - Dosya iþlendi: Ayfer Kaymakçý [ISO 9001 temel ve dökümantasyon sertifika].pdf
2025-04-07 08:44:39,141 - INFO - Orijinal kopya: C:/Users/Fýrat Gültekin/Desktop/pdf_test\Orijinal_Dosyalar\Ayfer Kaymakçý [ISO 9001 temel ve dökümantasyon sertifika].pdf
2025-04-07 08:44:39,141 - INFO - Yeni isim: aa_12.pdf
2025-04-07 08:44:39,143 - INFO - Dosya iþlendi: Ayfer Kaymakçý [ISO 19011 iç denetçi sertifika].pdf
2025-04-07 08:44:39,143 - INFO - Orijinal kopya: C:/Users/Fýrat Gültekin/Desktop/pdf_test\Orijinal_Dosyalar\Ayfer Kaymakçý [ISO 19011 iç denetçi sertifika].pdf
2025-04-07 08:44:39,143 - INFO - Yeni isim: aa_13.pdf
2025-04-07 08:44:39,145 - INFO - Dosya iþlendi: Ayfer Kaymakçý [ISO 27001 temel dökümantasyon sertifika].pdf
2025-04-07 08:44:39,145 - INFO - Orijinal kopya: C:/Users/Fýrat Gültekin/Desktop/pdf_test\Orijinal_Dosyalar\Ayfer Kaymakçý [ISO 27001 temel dökümantasyon sertifika].pdf
2025-04-07 08:44:39,145 - INFO - Yeni isim: aa_14.pdf
2025-04-07 08:44:39,147 - INFO - Dosya iþlendi: Ayfer Kaymakçý [ISO 45001 temel dökümantasyon sertifika].pdf
2025-04-07 08:44:39,147 - INFO - Orijinal kopya: C:/Users/Fýrat Gültekin/Desktop/pdf_test\Orijinal_Dosyalar\Ayfer Kaymakçý [ISO 45001 temel dökümantasyon sertifika].pdf
2025-04-07 08:44:39,147 - INFO - Yeni isim: aa_15.pdf
2025-04-07 08:44:39,148 - INFO - Dosya iþlendi: Ayfer Kaymakçý [istirahat belgesi].pdf
2025-04-07 08:44:39,148 - INFO - Orijinal kopya: C:/Users/Fýrat Gültekin/Desktop/pdf_test\Orijinal_Dosyalar\Ayfer Kaymakçý [istirahat belgesi].pdf
2025-04-07 08:44:39,148 - INFO - Yeni isim: aa_16.pdf
2025-04-07 08:44:39,148 - INFO - Dosya iþlendi: Ayfer Kaymakçý [istirahat raporu].pdf
2025-04-07 08:44:39,148 - INFO - Orijinal kopya: C:/Users/Fýrat Gültekin/Desktop/pdf_test\Orijinal_Dosyalar\Ayfer Kaymakçý [istirahat raporu].pdf
2025-04-07 08:44:39,148 - INFO - Yeni isim: aa_17.pdf
2025-04-07 08:44:39,149 - INFO - Dosya iþlendi: Ayfer Kaymakçý [kimlik].pdf
2025-04-07 08:44:39,149 - INFO - Orijinal kopya: C:/Users/Fýrat Gültekin/Desktop/pdf_test\Orijinal_Dosyalar\Ayfer Kaymakçý [kimlik].pdf
2025-04-07 08:44:39,150 - INFO - Yeni isim: aa_18.pdf
2025-04-07 08:44:39,151 - INFO - Dosya iþlendi: Ayfer Kaymakçý [mezun belgesi].pdf
2025-04-07 08:44:39,151 - INFO - Orijinal kopya: C:/Users/Fýrat Gültekin/Desktop/pdf_test\Orijinal_Dosyalar\Ayfer Kaymakçý [mezun belgesi].pdf
2025-04-07 08:44:39,151 - INFO - Yeni isim: aa_19.pdf
2025-04-07 08:44:39,152 - INFO - Dosya iþlendi: Ayfer Kaymakçý [personel bilgi formu].pdf
2025-04-07 08:44:39,152 - INFO - Orijinal kopya: C:/Users/Fýrat Gültekin/Desktop/pdf_test\Orijinal_Dosyalar\Ayfer Kaymakçý [personel bilgi formu].pdf
2025-04-07 08:44:39,152 - INFO - Yeni isim: aa_20.pdf
2025-04-07 08:44:39,153 - INFO - Dosya iþlendi: Ayfer Kaymakçý [risk deðerlendirme sertifika].pdf
2025-04-07 08:44:39,153 - INFO - Orijinal kopya: C:/Users/Fýrat Gültekin/Desktop/pdf_test\Orijinal_Dosyalar\Ayfer Kaymakçý [risk deðerlendirme sertifika].pdf
2025-04-07 08:44:39,153 - INFO - Yeni isim: aa_21.pdf
2025-04-07 08:44:39,154 - INFO - Dosya iþlendi: Ayfer Kaymakçý [saðlýk raporu].pdf
2025-04-07 08:44:39,154 - INFO - Orijinal kopya: C:/Users/Fýrat Gültekin/Desktop/pdf_test\Orijinal_Dosyalar\Ayfer Kaymakçý [saðlýk raporu].pdf
2025-04-07 08:44:39,154 - INFO - Yeni isim: aa_22.pdf
2025-04-07 08:44:39,155 - INFO - Dosya iþlendi: Ayfer Kaymakçý [transkript].pdf
2025-04-07 08:44:39,155 - INFO - Orijinal kopya: C:/Users/Fýrat Gültekin/Desktop/pdf_test\Orijinal_Dosyalar\Ayfer Kaymakçý [transkript].pdf
2025-04-07 08:44:39,155 - INFO - Yeni isim: aa_23.pdf
2025-04-07 08:44:39,160 - ERROR - Yeniden adlandýrma hatasý: Hiçbir PDF dosyasý oluþturulamadý!
Traceback (most recent call last):
  File "C:\Users\Fýrat Gültekin\Documents\GitHub\ozluk_test\pdf_gui.py", line 934, in rename_pdfs
    raise e
  File "C:\Users\Fýrat Gültekin\Documents\GitHub\ozluk_test\pdf_gui.py", line 920, in rename_pdfs
    raise Exception("Hiçbir PDF dosyasý oluþturulamadý!")
Exception: Hiçbir PDF dosyasý oluþturulamadý!
2025-04-07 08:51:04,270 - INFO - Orijinal dosya kopyalandý: C:/Users/Fýrat Gültekin/Desktop/oz_pdf/ayfer_kaymakci/Ayfer Kaymakçý [adli sicil kaydý].pdf -> C:/Users/Fýrat Gültekin/Desktop/pdf_test\Orijinal_Dosyalar\Ayfer Kaymakçý [adli sicil kaydý].pdf
2025-04-07 08:51:04,272 - INFO - Yeni dosya oluþturuldu: test_1.pdf
2025-04-07 08:51:04,275 - INFO - Orijinal dosya kopyalandý: C:/Users/Fýrat Gültekin/Desktop/oz_pdf/ayfer_kaymakci/Ayfer Kaymakçý [aile durum bildirimi].pdf -> C:/Users/Fýrat Gültekin/Desktop/pdf_test\Orijinal_Dosyalar\Ayfer Kaymakçý [aile durum bildirimi].pdf
2025-04-07 08:51:04,278 - INFO - Yeni dosya oluþturuldu: test_2.pdf
2025-04-07 08:51:04,281 - INFO - Orijinal dosya kopyalandý: C:/Users/Fýrat Gültekin/Desktop/oz_pdf/ayfer_kaymakci/Ayfer Kaymakçý [belirsiz süreli iþ sözleþmesi].pdf -> C:/Users/Fýrat Gültekin/Desktop/pdf_test\Orijinal_Dosyalar\Ayfer Kaymakçý [belirsiz süreli iþ sözleþmesi].pdf
2025-04-07 08:51:04,284 - INFO - Yeni dosya oluþturuldu: test_3.pdf
2025-04-07 08:51:04,286 - INFO - Orijinal dosya kopyalandý: C:/Users/Fýrat Gültekin/Desktop/oz_pdf/ayfer_kaymakci/Ayfer Kaymakçý [covid eðitim belgesi].pdf -> C:/Users/Fýrat Gültekin/Desktop/pdf_test\Orijinal_Dosyalar\Ayfer Kaymakçý [covid eðitim belgesi].pdf
2025-04-07 08:51:04,287 - INFO - Yeni dosya oluþturuldu: test_4.pdf
2025-04-07 08:51:04,288 - INFO - Orijinal dosya kopyalandý: C:/Users/Fýrat Gültekin/Desktop/oz_pdf/ayfer_kaymakci/Ayfer Kaymakçý [covid kontrol listesi].pdf -> C:/Users/Fýrat Gültekin/Desktop/pdf_test\Orijinal_Dosyalar\Ayfer Kaymakçý [covid kontrol listesi].pdf
2025-04-07 08:51:04,290 - INFO - Yeni dosya oluþturuldu: test_5.pdf
2025-04-07 08:51:04,291 - INFO - Orijinal dosya kopyalandý: C:/Users/Fýrat Gültekin/Desktop/oz_pdf/ayfer_kaymakci/Ayfer Kaymakçý [diploma].pdf -> C:/Users/Fýrat Gültekin/Desktop/pdf_test\Orijinal_Dosyalar\Ayfer Kaymakçý [diploma].pdf
2025-04-07 08:51:04,293 - INFO - Yeni dosya oluþturuldu: test_6.pdf
2025-04-07 08:51:04,294 - INFO - Orijinal dosya kopyalandý: C:/Users/Fýrat Gültekin/Desktop/oz_pdf/ayfer_kaymakci/Ayfer Kaymakçý [eðitim katlým formu].pdf -> C:/Users/Fýrat Gültekin/Desktop/pdf_test\Orijinal_Dosyalar\Ayfer Kaymakçý [eðitim katlým formu].pdf
2025-04-07 08:51:04,295 - INFO - Yeni dosya oluþturuldu: test_7.pdf
2025-04-07 08:51:04,296 - INFO - Orijinal dosya kopyalandý: C:/Users/Fýrat Gültekin/Desktop/oz_pdf/ayfer_kaymakci/Ayfer Kaymakçý [ehliyet].pdf -> C:/Users/Fýrat Gültekin/Desktop/pdf_test\Orijinal_Dosyalar\Ayfer Kaymakçý [ehliyet].pdf
2025-04-07 08:51:04,297 - INFO - Yeni dosya oluþturuldu: test_8.pdf
2025-04-07 08:51:04,299 - INFO - Orijinal dosya kopyalandý: C:/Users/Fýrat Gültekin/Desktop/oz_pdf/ayfer_kaymakci/Ayfer Kaymakçý [finans yöneticisi görve tanýmý].pdf -> C:/Users/Fýrat Gültekin/Desktop/pdf_test\Orijinal_Dosyalar\Ayfer Kaymakçý [finans yöneticisi görve tanýmý].pdf
2025-04-07 08:51:04,301 - INFO - Yeni dosya oluþturuldu: test_9.pdf
2025-04-07 08:51:04,302 - INFO - Orijinal dosya kopyalandý: C:/Users/Fýrat Gültekin/Desktop/oz_pdf/ayfer_kaymakci/Ayfer Kaymakçý [fotoðraf].pdf -> C:/Users/Fýrat Gültekin/Desktop/pdf_test\Orijinal_Dosyalar\Ayfer Kaymakçý [fotoðraf].pdf
2025-04-07 08:51:04,303 - INFO - Yeni dosya oluþturuldu: test_10.pdf
2025-04-07 08:51:04,304 - INFO - Orijinal dosya kopyalandý: C:/Users/Fýrat Gültekin/Desktop/oz_pdf/ayfer_kaymakci/Ayfer Kaymakçý [ikametgah].pdf -> C:/Users/Fýrat Gültekin/Desktop/pdf_test\Orijinal_Dosyalar\Ayfer Kaymakçý [ikametgah].pdf
2025-04-07 08:51:04,305 - INFO - Yeni dosya oluþturuldu: test_11.pdf
2025-04-07 08:51:04,306 - INFO - Orijinal dosya kopyalandý: C:/Users/Fýrat Gültekin/Desktop/oz_pdf/ayfer_kaymakci/Ayfer Kaymakçý [ISO 9001 temel ve dökümantasyon sertifika].pdf -> C:/Users/Fýrat Gültekin/Desktop/pdf_test\Orijinal_Dosyalar\Ayfer Kaymakçý [ISO 9001 temel ve dökümantasyon sertifika].pdf
2025-04-07 08:51:04,307 - INFO - Yeni dosya oluþturuldu: test_12.pdf
2025-04-07 08:51:04,309 - INFO - Orijinal dosya kopyalandý: C:/Users/Fýrat Gültekin/Desktop/oz_pdf/ayfer_kaymakci/Ayfer Kaymakçý [ISO 19011 iç denetçi sertifika].pdf -> C:/Users/Fýrat Gültekin/Desktop/pdf_test\Orijinal_Dosyalar\Ayfer Kaymakçý [ISO 19011 iç denetçi sertifika].pdf
2025-04-07 08:51:04,311 - INFO - Yeni dosya oluþturuldu: test_13.pdf
2025-04-07 08:51:04,313 - INFO - Orijinal dosya kopyalandý: C:/Users/Fýrat Gültekin/Desktop/oz_pdf/ayfer_kaymakci/Ayfer Kaymakçý [ISO 27001 temel dökümantasyon sertifika].pdf -> C:/Users/Fýrat Gültekin/Desktop/pdf_test\Orijinal_Dosyalar\Ayfer Kaymakçý [ISO 27001 temel dökümantasyon sertifika].pdf
2025-04-07 08:51:04,315 - INFO - Yeni dosya oluþturuldu: test_14.pdf
2025-04-07 08:51:04,316 - INFO - Orijinal dosya kopyalandý: C:/Users/Fýrat Gültekin/Desktop/oz_pdf/ayfer_kaymakci/Ayfer Kaymakçý [ISO 45001 temel dökümantasyon sertifika].pdf -> C:/Users/Fýrat Gültekin/Desktop/pdf_test\Orijinal_Dosyalar\Ayfer Kaymakçý [ISO 45001 temel dökümantasyon sertifika].pdf
2025-04-07 08:51:04,318 - INFO - Yeni dosya oluþturuldu: test_15.pdf
2025-04-07 08:51:04,319 - INFO - Orijinal dosya kopyalandý: C:/Users/Fýrat Gültekin/Desktop/oz_pdf/ayfer_kaymakci/Ayfer Kaymakçý [istirahat belgesi].pdf -> C:/Users/Fýrat Gültekin/Desktop/pdf_test\Orijinal_Dosyalar\Ayfer Kaymakçý [istirahat belgesi].pdf
2025-04-07 08:51:04,320 - INFO - Yeni dosya oluþturuldu: test_16.pdf
2025-04-07 08:51:04,321 - INFO - Orijinal dosya kopyalandý: C:/Users/Fýrat Gültekin/Desktop/oz_pdf/ayfer_kaymakci/Ayfer Kaymakçý [istirahat raporu].pdf -> C:/Users/Fýrat Gültekin/Desktop/pdf_test\Orijinal_Dosyalar\Ayfer Kaymakçý [istirahat raporu].pdf
2025-04-07 08:51:04,322 - INFO - Yeni dosya oluþturuldu: test_17.pdf
2025-04-07 08:51:04,323 - INFO - Orijinal dosya kopyalandý: C:/Users/Fýrat Gültekin/Desktop/oz_pdf/ayfer_kaymakci/Ayfer Kaymakçý [kimlik].pdf -> C:/Users/Fýrat Gültekin/Desktop/pdf_test\Orijinal_Dosyalar\Ayfer Kaymakçý [kimlik].pdf
2025-04-07 08:51:04,324 - INFO - Yeni dosya oluþturuldu: test_18.pdf
2025-04-07 08:51:04,325 - INFO - Orijinal dosya kopyalandý: C:/Users/Fýrat Gültekin/Desktop/oz_pdf/ayfer_kaymakci/Ayfer Kaymakçý [mezun belgesi].pdf -> C:/Users/Fýrat Gültekin/Desktop/pdf_test\Orijinal_Dosyalar\Ayfer Kaymakçý [mezun belgesi].pdf
2025-04-07 08:51:04,326 - INFO - Yeni dosya oluþturuldu: test_19.pdf
2025-04-07 08:51:04,327 - INFO - Orijinal dosya kopyalandý: C:/Users/Fýrat Gültekin/Desktop/oz_pdf/ayfer_kaymakci/Ayfer Kaymakçý [personel bilgi formu].pdf -> C:/Users/Fýrat Gültekin/Desktop/pdf_test\Orijinal_Dosyalar\Ayfer Kaymakçý [personel bilgi formu].pdf
2025-04-07 08:51:04,328 - INFO - Yeni dosya oluþturuldu: test_20.pdf
2025-04-07 08:51:04,330 - INFO - Orijinal dosya kopyalandý: C:/Users/Fýrat Gültekin/Desktop/oz_pdf/ayfer_kaymakci/Ayfer Kaymakçý [risk deðerlendirme sertifika].pdf -> C:/Users/Fýrat Gültekin/Desktop/pdf_test\Orijinal_Dosyalar\Ayfer Kaymakçý [risk deðerlendirme sertifika].pdf
2025-04-07 08:51:04,332 - INFO - Yeni dosya oluþturuldu: test_21.pdf
2025-04-07 08:51:04,333 - INFO - Orijinal dosya kopyalandý: C:/Users/Fýrat Gültekin/Desktop/oz_pdf/ayfer_kaymakci/Ayfer Kaymakçý [saðlýk raporu].pdf -> C:/Users/Fýrat Gültekin/Desktop/pdf_test\Orijinal_Dosyalar\Ayfer Kaymakçý [saðlýk raporu].pdf
2025-04-07 08:51:04,333 - INFO - Yeni dosya oluþturuldu: test_22.pdf
2025-04-07 08:51:04,335 - INFO - Orijinal dosya kopyalandý: C:/Users/Fýrat Gültekin/Desktop/oz_pdf/ayfer_kaymakci/Ayfer Kaymakçý [transkript].pdf -> C:/Users/Fýrat Gültekin/Desktop/pdf_test\Orijinal_Dosyalar\Ayfer Kaymakçý [transkript].pdf
2025-04-07 08:51:04,336 - INFO - Yeni dosya oluþturuldu: test_23.pdf
2025-04-07 08:51:04,340 - ERROR - Yeniden adlandýrma hatasý: Hiçbir PDF dosyasý oluþturulamadý!
Traceback (most recent call last):
  File "C:\Users\Fýrat Gültekin\Documents\GitHub\ozluk_test\pdf_gui.py", line 920, in rename_pdfs
    raise e
  File "C:\Users\Fýrat Gültekin\Documents\GitHub\ozluk_test\pdf_gui.py", line 906, in rename_pdfs
    raise Exception("Hiçbir PDF dosyasý oluþturulamadý!")
Exception: Hiçbir PDF dosyasý oluþturulamadý!
2025-04-07 08:52:08,806 - INFO - Orijinal dosya kopyalandý: C:/Users/Fýrat Gültekin/Desktop/oz_pdf/ayfer_kaymakci/Ayfer Kaymakçý [adli sicil kaydý].pdf -> C:/Users/Fýrat Gültekin/Desktop/pdf_test\Orijinal_Dosyalar\Ayfer Kaymakçý [adli sicil kaydý].pdf
2025-04-07 08:52:08,808 - INFO - Yeni dosya oluþturuldu: test_1.pdf
2025-04-07 08:52:08,810 - INFO - Orijinal dosya kopyalandý: C:/Users/Fýrat Gültekin/Desktop/oz_pdf/ayfer_kaymakci/Ayfer Kaymakçý [aile durum bildirimi].pdf -> C:/Users/Fýrat Gültekin/Desktop/pdf_test\Orijinal_Dosyalar\Ayfer Kaymakçý [aile durum bildirimi].pdf
2025-04-07 08:52:08,812 - INFO - Yeni dosya oluþturuldu: test_2.pdf
2025-04-07 08:52:08,815 - INFO - Orijinal dosya kopyalandý: C:/Users/Fýrat Gültekin/Desktop/oz_pdf/ayfer_kaymakci/Ayfer Kaymakçý [belirsiz süreli iþ sözleþmesi].pdf -> C:/Users/Fýrat Gültekin/Desktop/pdf_test\Orijinal_Dosyalar\Ayfer Kaymakçý [belirsiz süreli iþ sözleþmesi].pdf
2025-04-07 08:52:08,818 - INFO - Yeni dosya oluþturuldu: test_3.pdf
2025-04-07 08:52:08,820 - INFO - Orijinal dosya kopyalandý: C:/Users/Fýrat Gültekin/Desktop/oz_pdf/ayfer_kaymakci/Ayfer Kaymakçý [covid eðitim belgesi].pdf -> C:/Users/Fýrat Gültekin/Desktop/pdf_test\Orijinal_Dosyalar\Ayfer Kaymakçý [covid eðitim belgesi].pdf
2025-04-07 08:52:08,822 - INFO - Yeni dosya oluþturuldu: test_4.pdf
2025-04-07 08:52:08,823 - INFO - Orijinal dosya kopyalandý: C:/Users/Fýrat Gültekin/Desktop/oz_pdf/ayfer_kaymakci/Ayfer Kaymakçý [covid kontrol listesi].pdf -> C:/Users/Fýrat Gültekin/Desktop/pdf_test\Orijinal_Dosyalar\Ayfer Kaymakçý [covid kontrol listesi].pdf
2025-04-07 08:52:08,825 - INFO - Yeni dosya oluþturuldu: test_5.pdf
2025-04-07 08:52:08,826 - INFO - Orijinal dosya kopyalandý: C:/Users/Fýrat Gültekin/Desktop/oz_pdf/ayfer_kaymakci/Ayfer Kaymakçý [diploma].pdf -> C:/Users/Fýrat Gültekin/Desktop/pdf_test\Orijinal_Dosyalar\Ayfer Kaymakçý [diploma].pdf
2025-04-07 08:52:08,828 - INFO - Yeni dosya oluþturuldu: test_6.pdf
2025-04-07 08:52:08,829 - INFO - Orijinal dosya kopyalandý: C:/Users/Fýrat Gültekin/Desktop/oz_pdf/ayfer_kaymakci/Ayfer Kaymakçý [eðitim katlým formu].pdf -> C:/Users/Fýrat Gültekin/Desktop/pdf_test\Orijinal_Dosyalar\Ayfer Kaymakçý [eðitim katlým formu].pdf
2025-04-07 08:52:08,831 - INFO - Yeni dosya oluþturuldu: test_7.pdf
2025-04-07 08:52:08,832 - INFO - Orijinal dosya kopyalandý: C:/Users/Fýrat Gültekin/Desktop/oz_pdf/ayfer_kaymakci/Ayfer Kaymakçý [ehliyet].pdf -> C:/Users/Fýrat Gültekin/Desktop/pdf_test\Orijinal_Dosyalar\Ayfer Kaymakçý [ehliyet].pdf
2025-04-07 08:52:08,833 - INFO - Yeni dosya oluþturuldu: test_8.pdf
2025-04-07 08:52:08,835 - INFO - Orijinal dosya kopyalandý: C:/Users/Fýrat Gültekin/Desktop/oz_pdf/ayfer_kaymakci/Ayfer Kaymakçý [finans yöneticisi görve tanýmý].pdf -> C:/Users/Fýrat Gültekin/Desktop/pdf_test\Orijinal_Dosyalar\Ayfer Kaymakçý [finans yöneticisi görve tanýmý].pdf
2025-04-07 08:52:08,836 - INFO - Yeni dosya oluþturuldu: test_9.pdf
2025-04-07 08:52:08,837 - INFO - Orijinal dosya kopyalandý: C:/Users/Fýrat Gültekin/Desktop/oz_pdf/ayfer_kaymakci/Ayfer Kaymakçý [fotoðraf].pdf -> C:/Users/Fýrat Gültekin/Desktop/pdf_test\Orijinal_Dosyalar\Ayfer Kaymakçý [fotoðraf].pdf
2025-04-07 08:52:08,838 - INFO - Yeni dosya oluþturuldu: test_10.pdf
2025-04-07 08:52:08,839 - INFO - Orijinal dosya kopyalandý: C:/Users/Fýrat Gültekin/Desktop/oz_pdf/ayfer_kaymakci/Ayfer Kaymakçý [ikametgah].pdf -> C:/Users/Fýrat Gültekin/Desktop/pdf_test\Orijinal_Dosyalar\Ayfer Kaymakçý [ikametgah].pdf
2025-04-07 08:52:08,840 - INFO - Yeni dosya oluþturuldu: test_11.pdf
2025-04-07 08:52:08,842 - INFO - Orijinal dosya kopyalandý: C:/Users/Fýrat Gültekin/Desktop/oz_pdf/ayfer_kaymakci/Ayfer Kaymakçý [ISO 9001 temel ve dökümantasyon sertifika].pdf -> C:/Users/Fýrat Gültekin/Desktop/pdf_test\Orijinal_Dosyalar\Ayfer Kaymakçý [ISO 9001 temel ve dökümantasyon sertifika].pdf
2025-04-07 08:52:08,844 - INFO - Yeni dosya oluþturuldu: test_12.pdf
2025-04-07 08:52:08,845 - INFO - Orijinal dosya kopyalandý: C:/Users/Fýrat Gültekin/Desktop/oz_pdf/ayfer_kaymakci/Ayfer Kaymakçý [ISO 19011 iç denetçi sertifika].pdf -> C:/Users/Fýrat Gültekin/Desktop/pdf_test\Orijinal_Dosyalar\Ayfer Kaymakçý [ISO 19011 iç denetçi sertifika].pdf
2025-04-07 08:52:08,847 - INFO - Yeni dosya oluþturuldu: test_13.pdf
2025-04-07 08:52:08,849 - INFO - Orijinal dosya kopyalandý: C:/Users/Fýrat Gültekin/Desktop/oz_pdf/ayfer_kaymakci/Ayfer Kaymakçý [ISO 27001 temel dökümantasyon sertifika].pdf -> C:/Users/Fýrat Gültekin/Desktop/pdf_test\Orijinal_Dosyalar\Ayfer Kaymakçý [ISO 27001 temel dökümantasyon sertifika].pdf
2025-04-07 08:52:08,851 - INFO - Yeni dosya oluþturuldu: test_14.pdf
2025-04-07 08:52:08,852 - INFO - Orijinal dosya kopyalandý: C:/Users/Fýrat Gültekin/Desktop/oz_pdf/ayfer_kaymakci/Ayfer Kaymakçý [ISO 45001 temel dökümantasyon sertifika].pdf -> C:/Users/Fýrat Gültekin/Desktop/pdf_test\Orijinal_Dosyalar\Ayfer Kaymakçý [ISO 45001 temel dökümantasyon sertifika].pdf
2025-04-07 08:52:08,854 - INFO - Yeni dosya oluþturuldu: test_15.pdf
2025-04-07 08:52:08,855 - INFO - Orijinal dosya kopyalandý: C:/Users/Fýrat Gültekin/Desktop/oz_pdf/ayfer_kaymakci/Ayfer Kaymakçý [istirahat belgesi].pdf -> C:/Users/Fýrat Gültekin/Desktop/pdf_test\Orijinal_Dosyalar\Ayfer Kaymakçý [istirahat belgesi].pdf
2025-04-07 08:52:08,856 - INFO - Yeni dosya oluþturuldu: test_16.pdf
2025-04-07 08:52:08,858 - INFO - Orijinal dosya kopyalandý: C:/Users/Fýrat Gültekin/Desktop/oz_pdf/ayfer_kaymakci/Ayfer Kaymakçý [istirahat raporu].pdf -> C:/Users/Fýrat Gültekin/Desktop/pdf_test\Orijinal_Dosyalar\Ayfer Kaymakçý [istirahat raporu].pdf
2025-04-07 08:52:08,859 - INFO - Yeni dosya oluþturuldu: test_17.pdf
2025-04-07 08:52:08,860 - INFO - Orijinal dosya kopyalandý: C:/Users/Fýrat Gültekin/Desktop/oz_pdf/ayfer_kaymakci/Ayfer Kaymakçý [kimlik].pdf -> C:/Users/Fýrat Gültekin/Desktop/pdf_test\Orijinal_Dosyalar\Ayfer Kaymakçý [kimlik].pdf
2025-04-07 08:52:08,861 - INFO - Yeni dosya oluþturuldu: test_18.pdf
2025-04-07 08:52:08,862 - INFO - Orijinal dosya kopyalandý: C:/Users/Fýrat Gültekin/Desktop/oz_pdf/ayfer_kaymakci/Ayfer Kaymakçý [mezun belgesi].pdf -> C:/Users/Fýrat Gültekin/Desktop/pdf_test\Orijinal_Dosyalar\Ayfer Kaymakçý [mezun belgesi].pdf
2025-04-07 08:52:08,863 - INFO - Yeni dosya oluþturuldu: test_19.pdf
2025-04-07 08:52:08,864 - INFO - Orijinal dosya kopyalandý: C:/Users/Fýrat Gültekin/Desktop/oz_pdf/ayfer_kaymakci/Ayfer Kaymakçý [personel bilgi formu].pdf -> C:/Users/Fýrat Gültekin/Desktop/pdf_test\Orijinal_Dosyalar\Ayfer Kaymakçý [personel bilgi formu].pdf
2025-04-07 08:52:08,865 - INFO - Yeni dosya oluþturuldu: test_20.pdf
2025-04-07 08:52:08,867 - INFO - Orijinal dosya kopyalandý: C:/Users/Fýrat Gültekin/Desktop/oz_pdf/ayfer_kaymakci/Ayfer Kaymakçý [risk deðerlendirme sertifika].pdf -> C:/Users/Fýrat Gültekin/Desktop/pdf_test\Orijinal_Dosyalar\Ayfer Kaymakçý [risk deðerlendirme sertifika].pdf
2025-04-07 08:52:08,869 - INFO - Yeni dosya oluþturuldu: test_21.pdf
2025-04-07 08:52:08,870 - INFO - Orijinal dosya kopyalandý: C:/Users/Fýrat Gültekin/Desktop/oz_pdf/ayfer_kaymakci/Ayfer Kaymakçý [saðlýk raporu].pdf -> C:/Users/Fýrat Gültekin/Desktop/pdf_test\Orijinal_Dosyalar\Ayfer Kaymakçý [saðlýk raporu].pdf
2025-04-07 08:52:08,871 - INFO - Yeni dosya oluþturuldu: test_22.pdf
2025-04-07 08:52:08,872 - INFO - Orijinal dosya kopyalandý: C:/Users/Fýrat Gültekin/Desktop/oz_pdf/ayfer_kaymakci/Ayfer Kaymakçý [transkript].pdf -> C:/Users/Fýrat Gültekin/Desktop/pdf_test\Orijinal_Dosyalar\Ayfer Kaymakçý [transkript].pdf
2025-04-07 08:52:08,873 - INFO - Yeni dosya oluþturuldu: test_23.pdf
2025-04-07 08:52:08,878 - ERROR - Yeniden adlandýrma hatasý: Hiçbir PDF dosyasý oluþturulamadý!
Traceback (most recent call last):
  File "C:\Users\Fýrat Gültekin\Documents\GitHub\ozluk_test\pdf_gui.py", line 943, in rename_pdfs
    raise e
  File "C:\Users\Fýrat Gültekin\Documents\GitHub\ozluk_test\pdf_gui.py", line 929, in rename_pdfs
    raise Exception("Hiçbir PDF dosyasý oluþturulamadý!")
Exception: Hiçbir PDF dosyasý oluþturulamadý!
2025-04-07 08:53:15,803 - INFO - Orijinal dosya kopyalandý: C:/Users/Fýrat Gültekin/Desktop/oz_pdf/ayfer_kaymakci/Ayfer Kaymakçý [adli sicil kaydý].pdf -> C:/Users/Fýrat Gültekin/Desktop/pdf_test\Orijinal_Dosyalar\Ayfer Kaymakçý [adli sicil kaydý].pdf
2025-04-07 08:53:15,804 - INFO - Yeni dosya oluþturuldu: test_1.pdf
2025-04-07 08:53:15,807 - INFO - Orijinal dosya kopyalandý: C:/Users/Fýrat Gültekin/Desktop/oz_pdf/ayfer_kaymakci/Ayfer Kaymakçý [aile durum bildirimi].pdf -> C:/Users/Fýrat Gültekin/Desktop/pdf_test\Orijinal_Dosyalar\Ayfer Kaymakçý [aile durum bildirimi].pdf
2025-04-07 08:53:15,810 - INFO - Yeni dosya oluþturuldu: test_2.pdf
2025-04-07 08:53:15,813 - INFO - Orijinal dosya kopyalandý: C:/Users/Fýrat Gültekin/Desktop/oz_pdf/ayfer_kaymakci/Ayfer Kaymakçý [belirsiz süreli iþ sözleþmesi].pdf -> C:/Users/Fýrat Gültekin/Desktop/pdf_test\Orijinal_Dosyalar\Ayfer Kaymakçý [belirsiz süreli iþ sözleþmesi].pdf
2025-04-07 08:53:15,816 - INFO - Yeni dosya oluþturuldu: test_3.pdf
2025-04-07 08:53:15,817 - INFO - Orijinal dosya kopyalandý: C:/Users/Fýrat Gültekin/Desktop/oz_pdf/ayfer_kaymakci/Ayfer Kaymakçý [covid eðitim belgesi].pdf -> C:/Users/Fýrat Gültekin/Desktop/pdf_test\Orijinal_Dosyalar\Ayfer Kaymakçý [covid eðitim belgesi].pdf
2025-04-07 08:53:15,819 - INFO - Yeni dosya oluþturuldu: test_4.pdf
2025-04-07 08:53:15,820 - INFO - Orijinal dosya kopyalandý: C:/Users/Fýrat Gültekin/Desktop/oz_pdf/ayfer_kaymakci/Ayfer Kaymakçý [covid kontrol listesi].pdf -> C:/Users/Fýrat Gültekin/Desktop/pdf_test\Orijinal_Dosyalar\Ayfer Kaymakçý [covid kontrol listesi].pdf
2025-04-07 08:53:15,823 - INFO - Yeni dosya oluþturuldu: test_5.pdf
2025-04-07 08:53:15,824 - INFO - Orijinal dosya kopyalandý: C:/Users/Fýrat Gültekin/Desktop/oz_pdf/ayfer_kaymakci/Ayfer Kaymakçý [diploma].pdf -> C:/Users/Fýrat Gültekin/Desktop/pdf_test\Orijinal_Dosyalar\Ayfer Kaymakçý [diploma].pdf
2025-04-07 08:53:15,825 - INFO - Yeni dosya oluþturuldu: test_6.pdf
2025-04-07 08:53:15,827 - INFO - Orijinal dosya kopyalandý: C:/Users/Fýrat Gültekin/Desktop/oz_pdf/ayfer_kaymakci/Ayfer Kaymakçý [eðitim katlým formu].pdf -> C:/Users/Fýrat Gültekin/Desktop/pdf_test\Orijinal_Dosyalar\Ayfer Kaymakçý [eðitim katlým formu].pdf
2025-04-07 08:53:15,828 - INFO - Yeni dosya oluþturuldu: test_7.pdf
2025-04-07 08:53:15,829 - INFO - Orijinal dosya kopyalandý: C:/Users/Fýrat Gültekin/Desktop/oz_pdf/ayfer_kaymakci/Ayfer Kaymakçý [ehliyet].pdf -> C:/Users/Fýrat Gültekin/Desktop/pdf_test\Orijinal_Dosyalar\Ayfer Kaymakçý [ehliyet].pdf
2025-04-07 08:53:15,830 - INFO - Yeni dosya oluþturuldu: test_8.pdf
2025-04-07 08:53:15,832 - INFO - Orijinal dosya kopyalandý: C:/Users/Fýrat Gültekin/Desktop/oz_pdf/ayfer_kaymakci/Ayfer Kaymakçý [finans yöneticisi görve tanýmý].pdf -> C:/Users/Fýrat Gültekin/Desktop/pdf_test\Orijinal_Dosyalar\Ayfer Kaymakçý [finans yöneticisi görve tanýmý].pdf
2025-04-07 08:53:15,833 - INFO - Yeni dosya oluþturuldu: test_9.pdf
2025-04-07 08:53:15,834 - INFO - Orijinal dosya kopyalandý: C:/Users/Fýrat Gültekin/Desktop/oz_pdf/ayfer_kaymakci/Ayfer Kaymakçý [fotoðraf].pdf -> C:/Users/Fýrat Gültekin/Desktop/pdf_test\Orijinal_Dosyalar\Ayfer Kaymakçý [fotoðraf].pdf
2025-04-07 08:53:15,835 - INFO - Yeni dosya oluþturuldu: test_10.pdf
2025-04-07 08:53:15,836 - INFO - Orijinal dosya kopyalandý: C:/Users/Fýrat Gültekin/Desktop/oz_pdf/ayfer_kaymakci/Ayfer Kaymakçý [ikametgah].pdf -> C:/Users/Fýrat Gültekin/Desktop/pdf_test\Orijinal_Dosyalar\Ayfer Kaymakçý [ikametgah].pdf
2025-04-07 08:53:15,838 - INFO - Yeni dosya oluþturuldu: test_11.pdf
2025-04-07 08:53:15,840 - INFO - Orijinal dosya kopyalandý: C:/Users/Fýrat Gültekin/Desktop/oz_pdf/ayfer_kaymakci/Ayfer Kaymakçý [ISO 9001 temel ve dökümantasyon sertifika].pdf -> C:/Users/Fýrat Gültekin/Desktop/pdf_test\Orijinal_Dosyalar\Ayfer Kaymakçý [ISO 9001 temel ve dökümantasyon sertifika].pdf
2025-04-07 08:53:15,842 - INFO - Yeni dosya oluþturuldu: test_12.pdf
2025-04-07 08:53:15,844 - INFO - Orijinal dosya kopyalandý: C:/Users/Fýrat Gültekin/Desktop/oz_pdf/ayfer_kaymakci/Ayfer Kaymakçý [ISO 19011 iç denetçi sertifika].pdf -> C:/Users/Fýrat Gültekin/Desktop/pdf_test\Orijinal_Dosyalar\Ayfer Kaymakçý [ISO 19011 iç denetçi sertifika].pdf
2025-04-07 08:53:15,846 - INFO - Yeni dosya oluþturuldu: test_13.pdf
2025-04-07 08:53:15,847 - INFO - Orijinal dosya kopyalandý: C:/Users/Fýrat Gültekin/Desktop/oz_pdf/ayfer_kaymakci/Ayfer Kaymakçý [ISO 27001 temel dökümantasyon sertifika].pdf -> C:/Users/Fýrat Gültekin/Desktop/pdf_test\Orijinal_Dosyalar\Ayfer Kaymakçý [ISO 27001 temel dökümantasyon sertifika].pdf
2025-04-07 08:53:15,850 - INFO - Yeni dosya oluþturuldu: test_14.pdf
2025-04-07 08:53:15,852 - INFO - Orijinal dosya kopyalandý: C:/Users/Fýrat Gültekin/Desktop/oz_pdf/ayfer_kaymakci/Ayfer Kaymakçý [ISO 45001 temel dökümantasyon sertifika].pdf -> C:/Users/Fýrat Gültekin/Desktop/pdf_test\Orijinal_Dosyalar\Ayfer Kaymakçý [ISO 45001 temel dökümantasyon sertifika].pdf
2025-04-07 08:53:15,854 - INFO - Yeni dosya oluþturuldu: test_15.pdf
2025-04-07 08:53:15,855 - INFO - Orijinal dosya kopyalandý: C:/Users/Fýrat Gültekin/Desktop/oz_pdf/ayfer_kaymakci/Ayfer Kaymakçý [istirahat belgesi].pdf -> C:/Users/Fýrat Gültekin/Desktop/pdf_test\Orijinal_Dosyalar\Ayfer Kaymakçý [istirahat belgesi].pdf
2025-04-07 08:53:15,856 - INFO - Yeni dosya oluþturuldu: test_16.pdf
2025-04-07 08:53:15,857 - INFO - Orijinal dosya kopyalandý: C:/Users/Fýrat Gültekin/Desktop/oz_pdf/ayfer_kaymakci/Ayfer Kaymakçý [istirahat raporu].pdf -> C:/Users/Fýrat Gültekin/Desktop/pdf_test\Orijinal_Dosyalar\Ayfer Kaymakçý [istirahat raporu].pdf
2025-04-07 08:53:15,858 - INFO - Yeni dosya oluþturuldu: test_17.pdf
2025-04-07 08:53:15,860 - INFO - Orijinal dosya kopyalandý: C:/Users/Fýrat Gültekin/Desktop/oz_pdf/ayfer_kaymakci/Ayfer Kaymakçý [kimlik].pdf -> C:/Users/Fýrat Gültekin/Desktop/pdf_test\Orijinal_Dosyalar\Ayfer Kaymakçý [kimlik].pdf
2025-04-07 08:53:15,860 - INFO - Yeni dosya oluþturuldu: test_18.pdf
2025-04-07 08:53:15,861 - INFO - Orijinal dosya kopyalandý: C:/Users/Fýrat Gültekin/Desktop/oz_pdf/ayfer_kaymakci/Ayfer Kaymakçý [mezun belgesi].pdf -> C:/Users/Fýrat Gültekin/Desktop/pdf_test\Orijinal_Dosyalar\Ayfer Kaymakçý [mezun belgesi].pdf
2025-04-07 08:53:15,862 - INFO - Yeni dosya oluþturuldu: test_19.pdf
2025-04-07 08:53:15,863 - INFO - Orijinal dosya kopyalandý: C:/Users/Fýrat Gültekin/Desktop/oz_pdf/ayfer_kaymakci/Ayfer Kaymakçý [personel bilgi formu].pdf -> C:/Users/Fýrat Gültekin/Desktop/pdf_test\Orijinal_Dosyalar\Ayfer Kaymakçý [personel bilgi formu].pdf
2025-04-07 08:53:15,864 - INFO - Yeni dosya oluþturuldu: test_20.pdf
2025-04-07 08:53:15,866 - INFO - Orijinal dosya kopyalandý: C:/Users/Fýrat Gültekin/Desktop/oz_pdf/ayfer_kaymakci/Ayfer Kaymakçý [risk deðerlendirme sertifika].pdf -> C:/Users/Fýrat Gültekin/Desktop/pdf_test\Orijinal_Dosyalar\Ayfer Kaymakçý [risk deðerlendirme sertifika].pdf
2025-04-07 08:53:15,868 - INFO - Yeni dosya oluþturuldu: test_21.pdf
2025-04-07 08:53:15,869 - INFO - Orijinal dosya kopyalandý: C:/Users/Fýrat Gültekin/Desktop/oz_pdf/ayfer_kaymakci/Ayfer Kaymakçý [saðlýk raporu].pdf -> C:/Users/Fýrat Gültekin/Desktop/pdf_test\Orijinal_Dosyalar\Ayfer Kaymakçý [saðlýk raporu].pdf
2025-04-07 08:53:15,871 - INFO - Yeni dosya oluþturuldu: test_22.pdf
2025-04-07 08:53:15,872 - INFO - Orijinal dosya kopyalandý: C:/Users/Fýrat Gültekin/Desktop/oz_pdf/ayfer_kaymakci/Ayfer Kaymakçý [transkript].pdf -> C:/Users/Fýrat Gültekin/Desktop/pdf_test\Orijinal_Dosyalar\Ayfer Kaymakçý [transkript].pdf
2025-04-07 08:53:15,874 - INFO - Yeni dosya oluþturuldu: test_23.pdf
2025-04-07 08:57:59,780 - INFO - Orijinal dosya kopyalandý: C:/Users/Fýrat Gültekin/Desktop/oz_pdf/ayfer_kaymakci/Ayfer Kaymakçý [adli sicil kaydý].pdf -> C:/Users/Fýrat Gültekin/Desktop/pdf_test\Orijinal_Dosyalar\Ayfer Kaymakçý [adli sicil kaydý].pdf
2025-04-07 08:57:59,781 - INFO - Yeni dosya oluþturuldu: test_1.pdf
2025-04-07 08:57:59,793 - INFO - Orijinal dosya kopyalandý: C:/Users/Fýrat Gültekin/Desktop/oz_pdf/ayfer_kaymakci/Ayfer Kaymakçý [aile durum bildirimi].pdf -> C:/Users/Fýrat Gültekin/Desktop/pdf_test\Orijinal_Dosyalar\Ayfer Kaymakçý [aile durum bildirimi].pdf
2025-04-07 08:57:59,795 - INFO - Yeni dosya oluþturuldu: test_2.pdf
2025-04-07 08:57:59,797 - INFO - Orijinal dosya kopyalandý: C:/Users/Fýrat Gültekin/Desktop/oz_pdf/ayfer_kaymakci/Ayfer Kaymakçý [belirsiz süreli iþ sözleþmesi].pdf -> C:/Users/Fýrat Gültekin/Desktop/pdf_test\Orijinal_Dosyalar\Ayfer Kaymakçý [belirsiz süreli iþ sözleþmesi].pdf
2025-04-07 08:57:59,801 - INFO - Yeni dosya oluþturuldu: test_3.pdf
2025-04-07 08:57:59,802 - INFO - Orijinal dosya kopyalandý: C:/Users/Fýrat Gültekin/Desktop/oz_pdf/ayfer_kaymakci/Ayfer Kaymakçý [covid eðitim belgesi].pdf -> C:/Users/Fýrat Gültekin/Desktop/pdf_test\Orijinal_Dosyalar\Ayfer Kaymakçý [covid eðitim belgesi].pdf
2025-04-07 08:57:59,803 - INFO - Yeni dosya oluþturuldu: test_4.pdf
2025-04-07 08:57:59,804 - INFO - Orijinal dosya kopyalandý: C:/Users/Fýrat Gültekin/Desktop/oz_pdf/ayfer_kaymakci/Ayfer Kaymakçý [covid kontrol listesi].pdf -> C:/Users/Fýrat Gültekin/Desktop/pdf_test\Orijinal_Dosyalar\Ayfer Kaymakçý [covid kontrol listesi].pdf
2025-04-07 08:57:59,806 - INFO - Yeni dosya oluþturuldu: test_5.pdf
2025-04-07 08:57:59,807 - INFO - Orijinal dosya kopyalandý: C:/Users/Fýrat Gültekin/Desktop/oz_pdf/ayfer_kaymakci/Ayfer Kaymakçý [diploma].pdf -> C:/Users/Fýrat Gültekin/Desktop/pdf_test\Orijinal_Dosyalar\Ayfer Kaymakçý [diploma].pdf
2025-04-07 08:57:59,808 - INFO - Yeni dosya oluþturuldu: test_6.pdf
2025-04-07 08:57:59,810 - INFO - Orijinal dosya kopyalandý: C:/Users/Fýrat Gültekin/Desktop/oz_pdf/ayfer_kaymakci/Ayfer Kaymakçý [eðitim katlým formu].pdf -> C:/Users/Fýrat Gültekin/Desktop/pdf_test\Orijinal_Dosyalar\Ayfer Kaymakçý [eðitim katlým formu].pdf
2025-04-07 08:57:59,811 - INFO - Yeni dosya oluþturuldu: test_7.pdf
2025-04-07 08:57:59,812 - INFO - Orijinal dosya kopyalandý: C:/Users/Fýrat Gültekin/Desktop/oz_pdf/ayfer_kaymakci/Ayfer Kaymakçý [ehliyet].pdf -> C:/Users/Fýrat Gültekin/Desktop/pdf_test\Orijinal_Dosyalar\Ayfer Kaymakçý [ehliyet].pdf
2025-04-07 08:57:59,813 - INFO - Yeni dosya oluþturuldu: test_8.pdf
2025-04-07 08:57:59,814 - INFO - Orijinal dosya kopyalandý: C:/Users/Fýrat Gültekin/Desktop/oz_pdf/ayfer_kaymakci/Ayfer Kaymakçý [finans yöneticisi görve tanýmý].pdf -> C:/Users/Fýrat Gültekin/Desktop/pdf_test\Orijinal_Dosyalar\Ayfer Kaymakçý [finans yöneticisi görve tanýmý].pdf
2025-04-07 08:57:59,816 - INFO - Yeni dosya oluþturuldu: test_9.pdf
2025-04-07 08:57:59,817 - INFO - Orijinal dosya kopyalandý: C:/Users/Fýrat Gültekin/Desktop/oz_pdf/ayfer_kaymakci/Ayfer Kaymakçý [fotoðraf].pdf -> C:/Users/Fýrat Gültekin/Desktop/pdf_test\Orijinal_Dosyalar\Ayfer Kaymakçý [fotoðraf].pdf
2025-04-07 08:57:59,817 - INFO - Yeni dosya oluþturuldu: test_10.pdf
2025-04-07 08:57:59,818 - INFO - Orijinal dosya kopyalandý: C:/Users/Fýrat Gültekin/Desktop/oz_pdf/ayfer_kaymakci/Ayfer Kaymakçý [ikametgah].pdf -> C:/Users/Fýrat Gültekin/Desktop/pdf_test\Orijinal_Dosyalar\Ayfer Kaymakçý [ikametgah].pdf
2025-04-07 08:57:59,819 - INFO - Yeni dosya oluþturuldu: test_11.pdf
2025-04-07 08:57:59,821 - INFO - Orijinal dosya kopyalandý: C:/Users/Fýrat Gültekin/Desktop/oz_pdf/ayfer_kaymakci/Ayfer Kaymakçý [ISO 9001 temel ve dökümantasyon sertifika].pdf -> C:/Users/Fýrat Gültekin/Desktop/pdf_test\Orijinal_Dosyalar\Ayfer Kaymakçý [ISO 9001 temel ve dökümantasyon sertifika].pdf
2025-04-07 08:57:59,822 - INFO - Yeni dosya oluþturuldu: test_12.pdf
2025-04-07 08:57:59,824 - INFO - Orijinal dosya kopyalandý: C:/Users/Fýrat Gültekin/Desktop/oz_pdf/ayfer_kaymakci/Ayfer Kaymakçý [ISO 19011 iç denetçi sertifika].pdf -> C:/Users/Fýrat Gültekin/Desktop/pdf_test\Orijinal_Dosyalar\Ayfer Kaymakçý [ISO 19011 iç denetçi sertifika].pdf
2025-04-07 08:57:59,825 - INFO - Yeni dosya oluþturuldu: test_13.pdf
2025-04-07 08:57:59,827 - INFO - Orijinal dosya kopyalandý: C:/Users/Fýrat Gültekin/Desktop/oz_pdf/ayfer_kaymakci/Ayfer Kaymakçý [ISO 27001 temel dökümantasyon sertifika].pdf -> C:/Users/Fýrat Gültekin/Desktop/pdf_test\Orijinal_Dosyalar\Ayfer Kaymakçý [ISO 27001 temel dökümantasyon sertifika].pdf
2025-04-07 08:57:59,829 - INFO - Yeni dosya oluþturuldu: test_14.pdf
2025-04-07 08:57:59,831 - INFO - Orijinal dosya kopyalandý: C:/Users/Fýrat Gültekin/Desktop/oz_pdf/ayfer_kaymakci/Ayfer Kaymakçý [ISO 45001 temel dökümantasyon sertifika].pdf -> C:/Users/Fýrat Gültekin/Desktop/pdf_test\Orijinal_Dosyalar\Ayfer Kaymakçý [ISO 45001 temel dökümantasyon sertifika].pdf
2025-04-07 08:57:59,832 - INFO - Yeni dosya oluþturuldu: test_15.pdf
2025-04-07 08:57:59,833 - INFO - Orijinal dosya kopyalandý: C:/Users/Fýrat Gültekin/Desktop/oz_pdf/ayfer_kaymakci/Ayfer Kaymakçý [istirahat belgesi].pdf -> C:/Users/Fýrat Gültekin/Desktop/pdf_test\Orijinal_Dosyalar\Ayfer Kaymakçý [istirahat belgesi].pdf
2025-04-07 08:57:59,834 - INFO - Yeni dosya oluþturuldu: test_16.pdf
2025-04-07 08:57:59,835 - INFO - Orijinal dosya kopyalandý: C:/Users/Fýrat Gültekin/Desktop/oz_pdf/ayfer_kaymakci/Ayfer Kaymakçý [istirahat raporu].pdf -> C:/Users/Fýrat Gültekin/Desktop/pdf_test\Orijinal_Dosyalar\Ayfer Kaymakçý [istirahat raporu].pdf
2025-04-07 08:57:59,836 - INFO - Yeni dosya oluþturuldu: test_17.pdf
2025-04-07 08:57:59,837 - INFO - Orijinal dosya kopyalandý: C:/Users/Fýrat Gültekin/Desktop/oz_pdf/ayfer_kaymakci/Ayfer Kaymakçý [kimlik].pdf -> C:/Users/Fýrat Gültekin/Desktop/pdf_test\Orijinal_Dosyalar\Ayfer Kaymakçý [kimlik].pdf
2025-04-07 08:57:59,838 - INFO - Yeni dosya oluþturuldu: test_18.pdf
2025-04-07 08:57:59,839 - INFO - Orijinal dosya kopyalandý: C:/Users/Fýrat Gültekin/Desktop/oz_pdf/ayfer_kaymakci/Ayfer Kaymakçý [mezun belgesi].pdf -> C:/Users/Fýrat Gültekin/Desktop/pdf_test\Orijinal_Dosyalar\Ayfer Kaymakçý [mezun belgesi].pdf
2025-04-07 08:57:59,840 - INFO - Yeni dosya oluþturuldu: test_19.pdf
2025-04-07 08:57:59,841 - INFO - Orijinal dosya kopyalandý: C:/Users/Fýrat Gültekin/Desktop/oz_pdf/ayfer_kaymakci/Ayfer Kaymakçý [personel bilgi formu].pdf -> C:/Users/Fýrat Gültekin/Desktop/pdf_test\Orijinal_Dosyalar\Ayfer Kaymakçý [personel bilgi formu].pdf
2025-04-07 08:57:59,842 - INFO - Yeni dosya oluþturuldu: test_20.pdf
2025-04-07 08:57:59,844 - INFO - Orijinal dosya kopyalandý: C:/Users/Fýrat Gültekin/Desktop/oz_pdf/ayfer_kaymakci/Ayfer Kaymakçý [risk deðerlendirme sertifika].pdf -> C:/Users/Fýrat Gültekin/Desktop/pdf_test\Orijinal_Dosyalar\Ayfer Kaymakçý [risk deðerlendirme sertifika].pdf
2025-04-07 08:57:59,845 - INFO - Yeni dosya oluþturuldu: test_21.pdf
2025-04-07 08:57:59,846 - INFO - Orijinal dosya kopyalandý: C:/Users/Fýrat Gültekin/Desktop/oz_pdf/ayfer_kaymakci/Ayfer Kaymakçý [saðlýk raporu].pdf -> C:/Users/Fýrat Gültekin/Desktop/pdf_test\Orijinal_Dosyalar\Ayfer Kaymakçý [saðlýk raporu].pdf
2025-04-07 08:57:59,847 - INFO - Yeni dosya oluþturuldu: test_22.pdf
2025-04-07 08:57:59,849 - INFO - Orijinal dosya kopyalandý: C:/Users/Fýrat Gültekin/Desktop/oz_pdf/ayfer_kaymakci/Ayfer Kaymakçý [transkript].pdf -> C:/Users/Fýrat Gültekin/Desktop/pdf_test\Orijinal_Dosyalar\Ayfer Kaymakçý [transkript].pdf
2025-04-07 08:57:59,850 - INFO - Yeni dosya oluþturuldu: test_23.pdf
2025-04-07 08:57:59,858 - ERROR - Yeniden adlandýrma hatasý: Hiçbir PDF dosyasý oluþturulamadý!
Traceback (most recent call last):
  File "C:\Users\Fýrat Gültekin\Documents\GitHub\ozluk_test\pdf_gui.py", line 952, in rename_pdfs
    raise e
  File "C:\Users\Fýrat Gültekin\Documents\GitHub\ozluk_test\pdf_gui.py", line 930, in rename_pdfs
    raise Exception("Hiçbir PDF dosyasý oluþturulamadý!")
Exception: Hiçbir PDF dosyasý oluþturulamadý!
2025-04-07 09:00:08,526 - INFO - Orijinal dosya kopyalandý: C:/Users/Fýrat Gültekin/Desktop/pdf_test\Orijinal_Dosyalar\Ayfer Kaymakçý [adli sicil kaydý].pdf
2025-04-07 09:00:08,527 - INFO - Yeni dosya oluþturuldu: C:/Users/Fýrat Gültekin/Desktop/pdf_test\test_1.pdf
2025-04-07 09:00:08,529 - INFO - Orijinal dosya kopyalandý: C:/Users/Fýrat Gültekin/Desktop/pdf_test\Orijinal_Dosyalar\Ayfer Kaymakçý [aile durum bildirimi].pdf
2025-04-07 09:00:08,530 - INFO - Yeni dosya oluþturuldu: C:/Users/Fýrat Gültekin/Desktop/pdf_test\test_2.pdf
2025-04-07 09:00:08,533 - INFO - Orijinal dosya kopyalandý: C:/Users/Fýrat Gültekin/Desktop/pdf_test\Orijinal_Dosyalar\Ayfer Kaymakçý [belirsiz süreli iþ sözleþmesi].pdf
2025-04-07 09:00:08,535 - INFO - Yeni dosya oluþturuldu: C:/Users/Fýrat Gültekin/Desktop/pdf_test\test_3.pdf
2025-04-07 09:00:08,537 - INFO - Orijinal dosya kopyalandý: C:/Users/Fýrat Gültekin/Desktop/pdf_test\Orijinal_Dosyalar\Ayfer Kaymakçý [covid eðitim belgesi].pdf
2025-04-07 09:00:08,537 - INFO - Yeni dosya oluþturuldu: C:/Users/Fýrat Gültekin/Desktop/pdf_test\test_4.pdf
2025-04-07 09:00:08,539 - INFO - Orijinal dosya kopyalandý: C:/Users/Fýrat Gültekin/Desktop/pdf_test\Orijinal_Dosyalar\Ayfer Kaymakçý [covid kontrol listesi].pdf
2025-04-07 09:00:08,540 - INFO - Yeni dosya oluþturuldu: C:/Users/Fýrat Gültekin/Desktop/pdf_test\test_5.pdf
2025-04-07 09:00:08,541 - INFO - Orijinal dosya kopyalandý: C:/Users/Fýrat Gültekin/Desktop/pdf_test\Orijinal_Dosyalar\Ayfer Kaymakçý [diploma].pdf
2025-04-07 09:00:08,542 - INFO - Yeni dosya oluþturuldu: C:/Users/Fýrat Gültekin/Desktop/pdf_test\test_6.pdf
2025-04-07 09:00:08,543 - INFO - Orijinal dosya kopyalandý: C:/Users/Fýrat Gültekin/Desktop/pdf_test\Orijinal_Dosyalar\Ayfer Kaymakçý [eðitim katlým formu].pdf
2025-04-07 09:00:08,544 - INFO - Yeni dosya oluþturuldu: C:/Users/Fýrat Gültekin/Desktop/pdf_test\test_7.pdf
2025-04-07 09:00:08,545 - INFO - Orijinal dosya kopyalandý: C:/Users/Fýrat Gültekin/Desktop/pdf_test\Orijinal_Dosyalar\Ayfer Kaymakçý [ehliyet].pdf
2025-04-07 09:00:08,545 - INFO - Yeni dosya oluþturuldu: C:/Users/Fýrat Gültekin/Desktop/pdf_test\test_8.pdf
2025-04-07 09:00:08,547 - INFO - Orijinal dosya kopyalandý: C:/Users/Fýrat Gültekin/Desktop/pdf_test\Orijinal_Dosyalar\Ayfer Kaymakçý [finans yöneticisi görve tanýmý].pdf
2025-04-07 09:00:08,548 - INFO - Yeni dosya oluþturuldu: C:/Users/Fýrat Gültekin/Desktop/pdf_test\test_9.pdf
2025-04-07 09:00:08,549 - INFO - Orijinal dosya kopyalandý: C:/Users/Fýrat Gültekin/Desktop/pdf_test\Orijinal_Dosyalar\Ayfer Kaymakçý [fotoðraf].pdf
2025-04-07 09:00:08,549 - INFO - Yeni dosya oluþturuldu: C:/Users/Fýrat Gültekin/Desktop/pdf_test\test_10.pdf
2025-04-07 09:00:08,550 - INFO - Orijinal dosya kopyalandý: C:/Users/Fýrat Gültekin/Desktop/pdf_test\Orijinal_Dosyalar\Ayfer Kaymakçý [ikametgah].pdf
2025-04-07 09:00:08,551 - INFO - Yeni dosya oluþturuldu: C:/Users/Fýrat Gültekin/Desktop/pdf_test\test_11.pdf
2025-04-07 09:00:08,552 - INFO - Orijinal dosya kopyalandý: C:/Users/Fýrat Gültekin/Desktop/pdf_test\Orijinal_Dosyalar\Ayfer Kaymakçý [ISO 9001 temel ve dökümantasyon sertifika].pdf
2025-04-07 09:00:08,554 - INFO - Yeni dosya oluþturuldu: C:/Users/Fýrat Gültekin/Desktop/pdf_test\test_12.pdf
2025-04-07 09:00:08,555 - INFO - Orijinal dosya kopyalandý: C:/Users/Fýrat Gültekin/Desktop/pdf_test\Orijinal_Dosyalar\Ayfer Kaymakçý [ISO 19011 iç denetçi sertifika].pdf
2025-04-07 09:00:08,556 - INFO - Yeni dosya oluþturuldu: C:/Users/Fýrat Gültekin/Desktop/pdf_test\test_13.pdf
2025-04-07 09:00:08,558 - INFO - Orijinal dosya kopyalandý: C:/Users/Fýrat Gültekin/Desktop/pdf_test\Orijinal_Dosyalar\Ayfer Kaymakçý [ISO 27001 temel dökümantasyon sertifika].pdf
2025-04-07 09:00:08,559 - INFO - Yeni dosya oluþturuldu: C:/Users/Fýrat Gültekin/Desktop/pdf_test\test_14.pdf
2025-04-07 09:00:08,561 - INFO - Orijinal dosya kopyalandý: C:/Users/Fýrat Gültekin/Desktop/pdf_test\Orijinal_Dosyalar\Ayfer Kaymakçý [ISO 45001 temel dökümantasyon sertifika].pdf
2025-04-07 09:00:08,563 - INFO - Yeni dosya oluþturuldu: C:/Users/Fýrat Gültekin/Desktop/pdf_test\test_15.pdf
2025-04-07 09:00:08,564 - INFO - Orijinal dosya kopyalandý: C:/Users/Fýrat Gültekin/Desktop/pdf_test\Orijinal_Dosyalar\Ayfer Kaymakçý [istirahat belgesi].pdf
2025-04-07 09:00:08,565 - INFO - Yeni dosya oluþturuldu: C:/Users/Fýrat Gültekin/Desktop/pdf_test\test_16.pdf
2025-04-07 09:00:08,565 - INFO - Orijinal dosya kopyalandý: C:/Users/Fýrat Gültekin/Desktop/pdf_test\Orijinal_Dosyalar\Ayfer Kaymakçý [istirahat raporu].pdf
2025-04-07 09:00:08,566 - INFO - Yeni dosya oluþturuldu: C:/Users/Fýrat Gültekin/Desktop/pdf_test\test_17.pdf
2025-04-07 09:00:08,567 - INFO - Orijinal dosya kopyalandý: C:/Users/Fýrat Gültekin/Desktop/pdf_test\Orijinal_Dosyalar\Ayfer Kaymakçý [kimlik].pdf
2025-04-07 09:00:08,568 - INFO - Yeni dosya oluþturuldu: C:/Users/Fýrat Gültekin/Desktop/pdf_test\test_18.pdf
2025-04-07 09:00:08,569 - INFO - Orijinal dosya kopyalandý: C:/Users/Fýrat Gültekin/Desktop/pdf_test\Orijinal_Dosyalar\Ayfer Kaymakçý [mezun belgesi].pdf
2025-04-07 09:00:08,570 - INFO - Yeni dosya oluþturuldu: C:/Users/Fýrat Gültekin/Desktop/pdf_test\test_19.pdf
2025-04-07 09:00:08,571 - INFO - Orijinal dosya kopyalandý: C:/Users/Fýrat Gültekin/Desktop/pdf_test\Orijinal_Dosyalar\Ayfer Kaymakçý [personel bilgi formu].pdf
2025-04-07 09:00:08,571 - INFO - Yeni dosya oluþturuldu: C:/Users/Fýrat Gültekin/Desktop/pdf_test\test_20.pdf
2025-04-07 09:00:08,573 - INFO - Orijinal dosya kopyalandý: C:/Users/Fýrat Gültekin/Desktop/pdf_test\Orijinal_Dosyalar\Ayfer Kaymakçý [risk deðerlendirme sertifika].pdf
2025-04-07 09:00:08,574 - INFO - Yeni dosya oluþturuldu: C:/Users/Fýrat Gültekin/Desktop/pdf_test\test_21.pdf
2025-04-07 09:00:08,575 - INFO - Orijinal dosya kopyalandý: C:/Users/Fýrat Gültekin/Desktop/pdf_test\Orijinal_Dosyalar\Ayfer Kaymakçý [saðlýk raporu].pdf
2025-04-07 09:00:08,576 - INFO - Yeni dosya oluþturuldu: C:/Users/Fýrat Gültekin/Desktop/pdf_test\test_22.pdf
2025-04-07 09:00:08,577 - INFO - Orijinal dosya kopyalandý: C:/Users/Fýrat Gültekin/Desktop/pdf_test\Orijinal_Dosyalar\Ayfer Kaymakçý [transkript].pdf
2025-04-07 09:00:08,578 - INFO - Yeni dosya oluþturuldu: C:/Users/Fýrat Gültekin/Desktop/pdf_test\test_23.pdf
